[36m[18:26:59] [39m[33m[Database][39m Model [36mCharacter[39m loaded 
[36m[18:26:59] [39m[33m[Database][39m Model [36mUser[39m loaded 
[36m[18:26:59] [39m[33m[Database][39m Model [36mVehicle[39m loaded 
[36m[18:26:59] [39m[35m[index.js][39m [32mDatabase successfully initialized[39m 
[36m[18:26:59] [39m[33m[Router] Loading routes from ./routes/Authentication/index.js[39m 
[36m[18:26:59] [39m[33m[Router] Loading routes from ./routes/DatabaseModels/index.js[39m 
[36m[18:26:59] [39m[47m [33mD[39m[32mE[39m[34mB[39m[35mU[39m[31mG[39m [49m 
{} 

[36m[18:26:59] [39m[43m[31m WARNING [39m[49m [33m[TrestleAPI][39m [31m[43mWARNING: Running in insecure mode, this is not recommended.[49m[39m 
[36m[18:26:59] [39m[33m[TrestleAPI][39m [36mPort: 8081[39m Creating Listening Server... 
[36m[18:26:59] [39m[33m[TrestleAPI][39m Added new route [33mPublic[39m [36m[POST] /authenticate[39m 
[36m[18:26:59] [39m[33m[TrestleAPI][39m Added new route [33mPublic[39m [36m[GET] /characters[39m 
[36m[18:26:59] [39m[33m[TrestleAPI][39m Added new route [33mPublic[39m [36m[GET] /characters/:id[39m 
[36m[18:26:59] [39m[33m[TrestleAPI][39m Added new route [33mPublic[39m [36m[POST] /characters[39m 
[36m[18:26:59] [39m[33m[TrestleAPI][39m Added new route [33mPublic[39m [36m[GET] /users[39m 
[36m[18:26:59] [39m[33m[TrestleAPI][39m Added new route [33mPublic[39m [36m[GET] /users/:id[39m 
[36m[18:26:59] [39m[33m[TrestleAPI][39m Added new route [33mPublic[39m [36m[POST] /users[39m 
[36m[18:26:59] [39m[33m[TrestleAPI][39m Added new route [33mPublic[39m [36m[GET] /vehicles[39m 
[36m[18:26:59] [39m[33m[TrestleAPI][39m Added new route [33mPublic[39m [36m[GET] /vehicles/:id[39m 
[36m[18:26:59] [39m[33m[TrestleAPI][39m Added new route [33mPublic[39m [36m[POST] /vehicles[39m 
[36m[18:28:57] [39m[33m[TrestleAPI][39m ::ffff:172.29.112.1 [POST] /authenticate 
[36m[18:29:08] [39m[33m[TrestleAPI][39m ::ffff:172.29.112.1 [POST] /authenticate 
[36m[18:31:37] [39m[33m[TrestleAPI][39m ::ffff:172.29.112.1 [POST] /vehicles 
[36m[18:34:51] [39m[33m[TrestleAPI][39m ::ffff:172.29.112.1 [POST] /vehicles 
[36m[18:35:22] [39m[33m[TrestleAPI][39m ::ffff:172.29.112.1 [POST] /vehicles 
[36m[18:35:44] [39m[33m[TrestleAPI][39m ::ffff:172.29.112.1 [POST] /vehicles 
[36m[18:35:56] [39m[33m[TrestleAPI][39m ::ffff:172.29.112.1 [POST] /vehicles 
[36m[18:36:20] [39m[33m[TrestleAPI][39m ::ffff:172.29.112.1 [POST] /vehicles 
[36m[18:36:36] [39m[33m[TrestleAPI][39m ::ffff:172.29.112.1 [POST] /vehicles 
[36m[18:36:49] [39m[33m[TrestleAPI][39m ::ffff:172.29.112.1 [POST] /vehicles 
[36m[18:37:02] [39m[33m[TrestleAPI][39m ::ffff:172.29.112.1 [POST] /vehicles 
[36m[18:37:09] [39m[33m[TrestleAPI][39m ::ffff:172.29.112.1 [POST] /vehicles 
[36m[18:37:34] [39m[33m[TrestleAPI][39m ::ffff:172.29.112.1 [POST] /vehicles 
[36m[18:38:01] [39m[33m[TrestleAPI][39m ::ffff:172.29.112.1 [POST] /vehicles 
[36m[18:45:27] [39m[33m[TrestleAPI][39m ::ffff:172.29.112.1 [31mUnknown Route: [GET] /manager/html[39m 
[36m[18:49:37] [39m[33m[TrestleAPI][39m ::ffff:172.29.112.1 [POST] /authenticate 
[36m[19:02:16] [39m[33m[TrestleAPI][39m ::ffff:172.29.112.1 [GET] /vehicles 
[36m[19:03:04] [39m[33m[Database][39m Model [36mCharacter[39m loaded 
[36m[19:03:04] [39m[33m[Database][39m Model [36mUser[39m loaded 
[36m[19:03:04] [39m[33m[Database][39m Model [36mVehicle[39m loaded 
[36m[19:03:04] [39m[35m[index.js][39m [32mDatabase successfully initialized[39m 
[36m[19:03:04] [39m[33m[Router] Loading routes from ./routes/Authentication/index.js[39m 
[36m[19:03:04] [39m[33m[Router] Loading routes from ./routes/DatabaseModels/index.js[39m 
[36m[19:03:04] [39m[47m [33mD[39m[32mE[39m[34mB[39m[35mU[39m[31mG[39m [49m 
{} 

[36m[19:03:04] [39m[43m[31m WARNING [39m[49m [33m[TrestleAPI][39m [31m[43mWARNING: Running in insecure mode, this is not recommended.[49m[39m 
[36m[19:03:04] [39m[33m[TrestleAPI][39m [36mPort: 8081[39m Creating Listening Server... 
[36m[19:03:04] [39m[33m[TrestleAPI][39m Added new route [33mPublic[39m [36m[POST] /authenticate[39m 
[36m[19:03:04] [39m[33m[TrestleAPI][39m Added new route [33mPublic[39m [36m[GET] /characters[39m 
[36m[19:03:04] [39m[33m[TrestleAPI][39m Added new route [33mPublic[39m [36m[GET] /characters/:id[39m 
[36m[19:03:04] [39m[33m[TrestleAPI][39m Added new route [33mPublic[39m [36m[POST] /characters[39m 
[36m[19:03:04] [39m[33m[TrestleAPI][39m Added new route [33mPublic[39m [36m[GET] /users[39m 
[36m[19:03:04] [39m[33m[TrestleAPI][39m Added new route [33mPublic[39m [36m[GET] /users/:id[39m 
[36m[19:03:04] [39m[33m[TrestleAPI][39m Added new route [33mPublic[39m [36m[POST] /users[39m 
[36m[19:03:04] [39m[33m[TrestleAPI][39m Added new route [33mPublic[39m [36m[GET] /vehicles[39m 
[36m[19:03:04] [39m[33m[TrestleAPI][39m Added new route [33mPublic[39m [36m[GET] /vehicles/:id[39m 
[36m[19:03:04] [39m[33m[TrestleAPI][39m Added new route [33mPublic[39m [36m[POST] /vehicles[39m 
[36m[19:03:43] [39m[33m[Database][39m Model [36mCharacter[39m loaded 
[36m[19:03:43] [39m[33m[Database][39m Model [36mUser[39m loaded 
[36m[19:03:43] [39m[33m[Database][39m Model [36mVehicle[39m loaded 
[36m[19:03:44] [39m[35m[index.js][39m [32mDatabase successfully initialized[39m 
[36m[19:03:44] [39m[33m[Router] Loading routes from ./routes/Authentication/index.js[39m 
[36m[19:03:44] [39m[33m[Router] Loading routes from ./routes/DatabaseModels/index.js[39m 
[36m[19:03:44] [39m[47m [33mD[39m[32mE[39m[34mB[39m[35mU[39m[31mG[39m [49m 
{} 

[36m[19:03:44] [39m[47m [33mD[39m[32mE[39m[34mB[39m[35mU[39m[31mG[39m [49m 
undefined 

[36m[19:03:44] [39m[47m [33mD[39m[32mE[39m[34mB[39m[35mU[39m[31mG[39m [49m 
undefined 

[36m[19:03:44] [39m[47m [33mD[39m[32mE[39m[34mB[39m[35mU[39m[31mG[39m [49m 
undefined 

[36m[19:03:44] [39m[43m[31m WARNING [39m[49m [33m[TrestleAPI][39m [31m[43mWARNING: Running in insecure mode, this is not recommended.[49m[39m 
[36m[19:03:44] [39m[33m[TrestleAPI][39m [36mPort: 8081[39m Creating Listening Server... 
[36m[19:03:44] [39m[33m[TrestleAPI][39m Added new route [33mPublic[39m [36m[POST] /authenticate[39m 
[36m[19:03:44] [39m[33m[TrestleAPI][39m Added new route [33mPublic[39m [36m[GET] /characters[39m 
[36m[19:03:44] [39m[33m[TrestleAPI][39m Added new route [33mPublic[39m [36m[GET] /characters/:id[39m 
[36m[19:03:44] [39m[33m[TrestleAPI][39m Added new route [33mPublic[39m [36m[POST] /characters[39m 
[36m[19:03:44] [39m[33m[TrestleAPI][39m Added new route [33mPublic[39m [36m[GET] /users[39m 
[36m[19:03:44] [39m[33m[TrestleAPI][39m Added new route [33mPublic[39m [36m[GET] /users/:id[39m 
[36m[19:03:44] [39m[33m[TrestleAPI][39m Added new route [33mPublic[39m [36m[POST] /users[39m 
[36m[19:03:44] [39m[33m[TrestleAPI][39m Added new route [33mPublic[39m [36m[GET] /vehicles[39m 
[36m[19:03:44] [39m[33m[TrestleAPI][39m Added new route [33mPublic[39m [36m[GET] /vehicles/:id[39m 
[36m[19:03:44] [39m[33m[TrestleAPI][39m Added new route [33mPublic[39m [36m[POST] /vehicles[39m 
[36m[19:03:52] [39m[33m[Database][39m Model [36mCharacter[39m loaded 
[36m[19:03:52] [39m[33m[Database][39m Model [36mUser[39m loaded 
[36m[19:03:52] [39m[33m[Database][39m Model [36mVehicle[39m loaded 
[36m[19:03:52] [39m[35m[index.js][39m [32mDatabase successfully initialized[39m 
[36m[19:03:52] [39m[33m[Router] Loading routes from ./routes/Authentication/index.js[39m 
[36m[19:03:52] [39m[33m[Router] Loading routes from ./routes/DatabaseModels/index.js[39m 
[36m[19:03:52] [39m[47m [33mD[39m[32mE[39m[34mB[39m[35mU[39m[31mG[39m [49m 
{} 

[36m[19:03:52] [39m[47m [33mD[39m[32mE[39m[34mB[39m[35mU[39m[31mG[39m [49m 
undefined 

[36m[19:03:52] [39m[47m [33mD[39m[32mE[39m[34mB[39m[35mU[39m[31mG[39m [49m 
undefined 

[36m[19:03:52] [39m[47m [33mD[39m[32mE[39m[34mB[39m[35mU[39m[31mG[39m [49m 
undefined 

[36m[19:03:52] [39m[43m[31m WARNING [39m[49m [33m[TrestleAPI][39m [31m[43mWARNING: Running in insecure mode, this is not recommended.[49m[39m 
[36m[19:03:52] [39m[33m[TrestleAPI][39m [36mPort: 8081[39m Creating Listening Server... 
[36m[19:03:52] [39m[33m[TrestleAPI][39m Added new route [33mPublic[39m [36m[POST] /authenticate[39m 
[36m[19:03:52] [39m[33m[TrestleAPI][39m Added new route [33mPublic[39m [36m[GET] /characters[39m 
[36m[19:03:52] [39m[33m[TrestleAPI][39m Added new route [33mPublic[39m [36m[GET] /characters/:id[39m 
[36m[19:03:52] [39m[33m[TrestleAPI][39m Added new route [33mPublic[39m [36m[POST] /characters[39m 
[36m[19:03:52] [39m[33m[TrestleAPI][39m Added new route [33mPublic[39m [36m[GET] /users[39m 
[36m[19:03:52] [39m[33m[TrestleAPI][39m Added new route [33mPublic[39m [36m[GET] /users/:id[39m 
[36m[19:03:52] [39m[33m[TrestleAPI][39m Added new route [33mPublic[39m [36m[POST] /users[39m 
[36m[19:03:52] [39m[33m[TrestleAPI][39m Added new route [33mPublic[39m [36m[GET] /vehicles[39m 
[36m[19:03:52] [39m[33m[TrestleAPI][39m Added new route [33mPublic[39m [36m[GET] /vehicles/:id[39m 
[36m[19:03:52] [39m[33m[TrestleAPI][39m Added new route [33mPublic[39m [36m[POST] /vehicles[39m 
[36m[19:03:59] [39m[33m[Database][39m Model [36mCharacter[39m loaded 
[36m[19:03:59] [39m[33m[Database][39m Model [36mUser[39m loaded 
[36m[19:03:59] [39m[33m[Database][39m Model [36mVehicle[39m loaded 
[36m[19:03:59] [39m[35m[index.js][39m [32mDatabase successfully initialized[39m 
[36m[19:03:59] [39m[33m[Router] Loading routes from ./routes/Authentication/index.js[39m 
[36m[19:03:59] [39m[33m[Router] Loading routes from ./routes/DatabaseModels/index.js[39m 
[36m[19:03:59] [39m[47m [33mD[39m[32mE[39m[34mB[39m[35mU[39m[31mG[39m [49m 
{} 

[36m[19:03:59] [39m[43m[31m WARNING [39m[49m [33m[TrestleAPI][39m [31m[43mWARNING: Running in insecure mode, this is not recommended.[49m[39m 
[36m[19:03:59] [39m[33m[TrestleAPI][39m [36mPort: 8081[39m Creating Listening Server... 
[36m[19:03:59] [39m[33m[TrestleAPI][39m Added new route [33mPublic[39m [36m[POST] /authenticate[39m 
[36m[19:03:59] [39m[33m[TrestleAPI][39m Added new route [33mPublic[39m [36m[GET] /characters[39m 
[36m[19:03:59] [39m[33m[TrestleAPI][39m Added new route [33mPublic[39m [36m[GET] /characters/:id[39m 
[36m[19:03:59] [39m[33m[TrestleAPI][39m Added new route [33mPublic[39m [36m[POST] /characters[39m 
[36m[19:03:59] [39m[33m[TrestleAPI][39m Added new route [33mPublic[39m [36m[GET] /users[39m 
[36m[19:03:59] [39m[33m[TrestleAPI][39m Added new route [33mPublic[39m [36m[GET] /users/:id[39m 
[36m[19:03:59] [39m[33m[TrestleAPI][39m Added new route [33mPublic[39m [36m[POST] /users[39m 
[36m[19:03:59] [39m[33m[TrestleAPI][39m Added new route [33mPublic[39m [36m[GET] /vehicles[39m 
[36m[19:03:59] [39m[33m[TrestleAPI][39m Added new route [33mPublic[39m [36m[GET] /vehicles/:id[39m 
[36m[19:03:59] [39m[33m[TrestleAPI][39m Added new route [33mPublic[39m [36m[POST] /vehicles[39m 
[36m[19:05:43] [39m[33m[Database][39m Model [36mCharacter[39m loaded 
[36m[19:05:43] [39m[33m[Database][39m Model [36mUser[39m loaded 
[36m[19:05:43] [39m[33m[Database][39m Model [36mVehicle[39m loaded 
[36m[19:05:44] [39m[35m[index.js][39m [32mDatabase successfully initialized[39m 
[36m[19:05:44] [39m[33m[Router] Loading routes from ./routes/Authentication/index.js[39m 
[36m[19:05:44] [39m[33m[Router] Loading routes from ./routes/DatabaseModels/index.js[39m 
[36m[19:05:44] [39m[47m [33mD[39m[32mE[39m[34mB[39m[35mU[39m[31mG[39m [49m 
{} 

[36m[19:05:44] [39m[47m [33mD[39m[32mE[39m[34mB[39m[35mU[39m[31mG[39m [49m 
undefined 

[36m[19:05:44] [39m[47m [33mD[39m[32mE[39m[34mB[39m[35mU[39m[31mG[39m [49m 
undefined 

[36m[19:05:44] [39m[47m [33mD[39m[32mE[39m[34mB[39m[35mU[39m[31mG[39m [49m 
undefined 

[36m[19:05:44] [39m[43m[31m WARNING [39m[49m [33m[TrestleAPI][39m [31m[43mWARNING: Running in insecure mode, this is not recommended.[49m[39m 
[36m[19:05:44] [39m[33m[TrestleAPI][39m [36mPort: 8081[39m Creating Listening Server... 
[36m[19:05:44] [39m[33m[TrestleAPI][39m Added new route [33mPublic[39m [36m[POST] /authenticate[39m 
[36m[19:05:44] [39m[33m[TrestleAPI][39m Added new route [33mPublic[39m [36m[GET] /characters[39m 
[36m[19:05:44] [39m[33m[TrestleAPI][39m Added new route [33mPublic[39m [36m[GET] /characters/:id[39m 
[36m[19:05:44] [39m[33m[TrestleAPI][39m Added new route [33mPublic[39m [36m[POST] /characters[39m 
[36m[19:05:44] [39m[33m[TrestleAPI][39m Added new route [33mPublic[39m [36m[GET] /users[39m 
[36m[19:05:44] [39m[33m[TrestleAPI][39m Added new route [33mPublic[39m [36m[GET] /users/:id[39m 
[36m[19:05:44] [39m[33m[TrestleAPI][39m Added new route [33mPublic[39m [36m[POST] /users[39m 
[36m[19:05:44] [39m[33m[TrestleAPI][39m Added new route [33mPublic[39m [36m[GET] /vehicles[39m 
[36m[19:05:44] [39m[33m[TrestleAPI][39m Added new route [33mPublic[39m [36m[GET] /vehicles/:id[39m 
[36m[19:05:44] [39m[33m[TrestleAPI][39m Added new route [33mPublic[39m [36m[POST] /vehicles[39m 
[36m[19:05:59] [39m[33m[Database][39m Model [36mCharacter[39m loaded 
[36m[19:05:59] [39m[33m[Database][39m Model [36mUser[39m loaded 
[36m[19:05:59] [39m[33m[Database][39m Model [36mVehicle[39m loaded 
[36m[19:05:59] [39m[35m[index.js][39m [32mDatabase successfully initialized[39m 
[36m[19:05:59] [39m[33m[Router] Loading routes from ./routes/Authentication/index.js[39m 
[36m[19:05:59] [39m[33m[Router] Loading routes from ./routes/DatabaseModels/index.js[39m 
[36m[19:05:59] [39m[47m [33mD[39m[32mE[39m[34mB[39m[35mU[39m[31mG[39m [49m 
{} 

[36m[19:05:59] [39m[47m [33mD[39m[32mE[39m[34mB[39m[35mU[39m[31mG[39m [49m 
{"id":{"type":{},"primaryKey":true,"defaultValue":{},"unique":true,"allowNull":false,"fieldName":"id","_modelAttribute":true,"field":"id"},"name":{"type":{"options":{},"_length":255},"allowNull":false,"fieldName":"name","_modelAttribute":true,"field":"name"},"gender":{"type":{"values":["f","m"],"options":{"values":["f","m"]}},"values":["f","m"],"allowNull":false,"fieldName":"gender","_modelAttribute":true,"field":"gender"},"userId":{"type":{},"allowNull":false,"fieldName":"userId","_modelAttribute":true,"field":"userId","references":{"model":"Users","key":"id"},"onDelete":"NO ACTION","onUpdate":"CASCADE"},"upperbody":{"type":{"options":{}},"allowNull":false,"defaultValue":0,"validate":{"min":0,"max":168},"fieldName":"upperbody","_modelAttribute":true,"field":"upperbody"},"clothMask":{"type":{"options":{}},"allowNull":false,"defaultValue":0,"validate":{"min":0,"max":148},"fieldName":"clothMask","_modelAttribute":true,"field":"clothMask"},"clothLowerbody":{"type":{"options":{}},"allowNull":false,"defaultValue":0,"validate":{"min":0,"max":115},"fieldName":"clothLowerbody","_modelAttribute":true,"field":"clothLowerbody"},"clothBackpack":{"type":{"options":{}},"allowNull":false,"defaultValue":0,"validate":{"min":0,"max":81},"fieldName":"clothBackpack","_modelAttribute":true,"field":"clothBackpack"},"clothShoes":{"type":{"options":{}},"allowNull":false,"defaultValue":0,"validate":{"min":0,"max":91},"fieldName":"clothShoes","_modelAttribute":true,"field":"clothShoes"},"clothNeck":{"type":{"options":{}},"allowNull":false,"defaultValue":0,"validate":{"min":0,"max":132},"fieldName":"clothNeck","_modelAttribute":true,"field":"clothNeck"},"clothShirt":{"type":{"options":{}},"allowNull":false,"defaultValue":0,"validate":{"min":0,"max":144},"fieldName":"clothShirt","_modelAttribute":true,"field":"clothShirt"},"clothArmor":{"type":{"options":{}},"allowNull":false,"defaultValue":0,"validate":{"min":0,"max":38},"fieldName":"clothArmor","_modelAttribute":true,"field":"clothArmor"},"clothJacket":{"type":{"options":{}},"allowNull":false,"defaultValue":0,"validate":{"min":0,"max":290},"fieldName":"clothJacket","_modelAttribute":true,"field":"clothJacket"},"createdAt":{"type":{"options":{},"_length":""},"allowNull":false,"_autoGenerated":true,"fieldName":"createdAt","_modelAttribute":true,"field":"createdAt"},"updatedAt":{"type":{"options":{},"_length":""},"allowNull":false,"_autoGenerated":true,"fieldName":"updatedAt","_modelAttribute":true,"field":"updatedAt"}} 

[36m[19:05:59] [39m[47m [33mD[39m[32mE[39m[34mB[39m[35mU[39m[31mG[39m [49m 
{"id":{"type":{},"primaryKey":true,"defaultValue":{},"unique":true,"allowNull":false,"fieldName":"id","_modelAttribute":true,"field":"id"},"username":{"type":{"options":{},"_length":255},"allowNull":false,"fieldName":"username","_modelAttribute":true,"field":"username"},"defaultCharacterId":{"type":{},"allowNull":true,"fieldName":"defaultCharacterId","_modelAttribute":true,"field":"defaultCharacterId"},"license":{"type":{"options":{},"_length":255},"allowNull":false,"fieldName":"license","_modelAttribute":true,"field":"license"},"xbl":{"type":{"options":{},"_length":255},"allowNull":true,"fieldName":"xbl","_modelAttribute":true,"field":"xbl"},"live":{"type":{"options":{},"_length":255},"allowNull":true,"fieldName":"live","_modelAttribute":true,"field":"live"},"discord":{"type":{"options":{},"_length":255},"allowNull":true,"fieldName":"discord","_modelAttribute":true,"field":"discord"},"fivem":{"type":{"options":{},"_length":255},"allowNull":true,"fieldName":"fivem","_modelAttribute":true,"field":"fivem"},"license2":{"type":{"options":{},"_length":255},"allowNull":true,"fieldName":"license2","_modelAttribute":true,"field":"license2"},"createdAt":{"type":{"options":{},"_length":""},"allowNull":false,"_autoGenerated":true,"fieldName":"createdAt","_modelAttribute":true,"field":"createdAt"},"updatedAt":{"type":{"options":{},"_length":""},"allowNull":false,"_autoGenerated":true,"fieldName":"updatedAt","_modelAttribute":true,"field":"updatedAt"}} 

[36m[19:05:59] [39m[47m [33mD[39m[32mE[39m[34mB[39m[35mU[39m[31mG[39m [49m 
{"id":{"type":{},"primaryKey":true,"defaultValue":{},"unique":true,"allowNull":false,"fieldName":"id","_modelAttribute":true,"field":"id"},"name":{"type":{"options":{},"_length":255},"allowNull":true,"fieldName":"name","_modelAttribute":true,"field":"name"},"model":{"type":{"options":{},"_length":255},"allowNull":false,"fieldName":"model","_modelAttribute":true,"field":"model"},"userId":{"type":{},"allowNull":false,"fieldName":"userId","_modelAttribute":true,"field":"userId","references":{"model":"Users","key":"id"},"onDelete":"CASCADE","onUpdate":"CASCADE"},"mods":{"type":{},"allowNull":false,"defaultValue":{},"fieldName":"mods","_modelAttribute":true,"field":"mods"},"colors":{"type":{},"allowNull":false,"defaultValue":[0,0],"fieldName":"colors","_modelAttribute":true,"field":"colors"},"createdAt":{"type":{"options":{},"_length":""},"allowNull":false,"_autoGenerated":true,"fieldName":"createdAt","_modelAttribute":true,"field":"createdAt"},"updatedAt":{"type":{"options":{},"_length":""},"allowNull":false,"_autoGenerated":true,"fieldName":"updatedAt","_modelAttribute":true,"field":"updatedAt"}} 

[36m[19:05:59] [39m[43m[31m WARNING [39m[49m [33m[TrestleAPI][39m [31m[43mWARNING: Running in insecure mode, this is not recommended.[49m[39m 
[36m[19:05:59] [39m[33m[TrestleAPI][39m [36mPort: 8081[39m Creating Listening Server... 
[36m[19:05:59] [39m[33m[TrestleAPI][39m Added new route [33mPublic[39m [36m[POST] /authenticate[39m 
[36m[19:05:59] [39m[33m[TrestleAPI][39m Added new route [33mPublic[39m [36m[GET] /characters[39m 
[36m[19:05:59] [39m[33m[TrestleAPI][39m Added new route [33mPublic[39m [36m[GET] /characters/:id[39m 
[36m[19:05:59] [39m[33m[TrestleAPI][39m Added new route [33mPublic[39m [36m[POST] /characters[39m 
[36m[19:05:59] [39m[33m[TrestleAPI][39m Added new route [33mPublic[39m [36m[GET] /users[39m 
[36m[19:05:59] [39m[33m[TrestleAPI][39m Added new route [33mPublic[39m [36m[GET] /users/:id[39m 
[36m[19:05:59] [39m[33m[TrestleAPI][39m Added new route [33mPublic[39m [36m[POST] /users[39m 
[36m[19:05:59] [39m[33m[TrestleAPI][39m Added new route [33mPublic[39m [36m[GET] /vehicles[39m 
[36m[19:05:59] [39m[33m[TrestleAPI][39m Added new route [33mPublic[39m [36m[GET] /vehicles/:id[39m 
[36m[19:05:59] [39m[33m[TrestleAPI][39m Added new route [33mPublic[39m [36m[POST] /vehicles[39m 
[36m[19:06:33] [39m[33m[Database][39m Model [36mCharacter[39m loaded 
[36m[19:06:33] [39m[33m[Database][39m Model [36mUser[39m loaded 
[36m[19:06:33] [39m[33m[Database][39m Model [36mVehicle[39m loaded 
[36m[19:06:33] [39m[35m[index.js][39m [32mDatabase successfully initialized[39m 
[36m[19:06:33] [39m[33m[Router] Loading routes from ./routes/Authentication/index.js[39m 
[36m[19:06:33] [39m[33m[Router] Loading routes from ./routes/DatabaseModels/index.js[39m 
[36m[19:06:33] [39m[47m [33mD[39m[32mE[39m[34mB[39m[35mU[39m[31mG[39m [49m 
{} 

[36m[19:06:33] [39m[43m[31m WARNING [39m[49m [33m[TrestleAPI][39m [31m[43mWARNING: Running in insecure mode, this is not recommended.[49m[39m 
[36m[19:06:33] [39m[33m[TrestleAPI][39m [36mPort: 8081[39m Creating Listening Server... 
[36m[19:06:33] [39m[33m[TrestleAPI][39m Added new route [33mPublic[39m [36m[POST] /authenticate[39m 
[36m[19:06:33] [39m[33m[TrestleAPI][39m Added new route [33mPublic[39m [36m[GET] /characters[39m 
[36m[19:06:33] [39m[33m[TrestleAPI][39m Added new route [33mPublic[39m [36m[GET] /characters/:id[39m 
[36m[19:06:33] [39m[33m[TrestleAPI][39m Added new route [33mPublic[39m [36m[POST] /characters[39m 
[36m[19:06:33] [39m[33m[TrestleAPI][39m Added new route [33mPublic[39m [36m[GET] /users[39m 
[36m[19:06:33] [39m[33m[TrestleAPI][39m Added new route [33mPublic[39m [36m[GET] /users/:id[39m 
[36m[19:06:33] [39m[33m[TrestleAPI][39m Added new route [33mPublic[39m [36m[POST] /users[39m 
[36m[19:06:33] [39m[33m[TrestleAPI][39m Added new route [33mPublic[39m [36m[GET] /vehicles[39m 
[36m[19:06:33] [39m[33m[TrestleAPI][39m Added new route [33mPublic[39m [36m[GET] /vehicles/:id[39m 
[36m[19:06:33] [39m[33m[TrestleAPI][39m Added new route [33mPublic[39m [36m[POST] /vehicles[39m 
[36m[19:06:43] [39m[33m[TrestleAPI][39m ::1 [GET] /vehicles 
[36m[19:06:43] [39m[47m [33mD[39m[32mE[39m[34mB[39m[35mU[39m[31mG[39m [49m 
{} 

[36m[19:06:54] [39m[33m[TrestleAPI][39m ::1 [GET] /vehicles?name=%22lancia%22 
[36m[19:06:54] [39m[47m [33mD[39m[32mE[39m[34mB[39m[35mU[39m[31mG[39m [49m 
{"name":"\"lancia\""} 

[36m[19:07:27] [39m[33m[Database][39m Model [36mCharacter[39m loaded 
[36m[19:07:27] [39m[33m[Database][39m Model [36mUser[39m loaded 
[36m[19:07:27] [39m[33m[Database][39m Model [36mVehicle[39m loaded 
[36m[19:07:28] [39m[35m[index.js][39m [32mDatabase successfully initialized[39m 
[36m[19:07:28] [39m[33m[Router] Loading routes from ./routes/Authentication/index.js[39m 
[36m[19:07:28] [39m[33m[Router] Loading routes from ./routes/DatabaseModels/index.js[39m 
[36m[19:07:28] [39m[47m [33mD[39m[32mE[39m[34mB[39m[35mU[39m[31mG[39m [49m 
{} 

[36m[19:07:28] [39m[43m[31m WARNING [39m[49m [33m[TrestleAPI][39m [31m[43mWARNING: Running in insecure mode, this is not recommended.[49m[39m 
[36m[19:07:28] [39m[33m[TrestleAPI][39m [36mPort: 8081[39m Creating Listening Server... 
[36m[19:07:28] [39m[33m[TrestleAPI][39m Added new route [33mPublic[39m [36m[POST] /authenticate[39m 
[36m[19:07:28] [39m[33m[TrestleAPI][39m Added new route [33mPublic[39m [36m[GET] /characters[39m 
[36m[19:07:28] [39m[33m[TrestleAPI][39m Added new route [33mPublic[39m [36m[GET] /characters/:id[39m 
[36m[19:07:28] [39m[33m[TrestleAPI][39m Added new route [33mPublic[39m [36m[POST] /characters[39m 
[36m[19:07:28] [39m[33m[TrestleAPI][39m Added new route [33mPublic[39m [36m[GET] /users[39m 
[36m[19:07:28] [39m[33m[TrestleAPI][39m Added new route [33mPublic[39m [36m[GET] /users/:id[39m 
[36m[19:07:28] [39m[33m[TrestleAPI][39m Added new route [33mPublic[39m [36m[POST] /users[39m 
[36m[19:07:28] [39m[33m[TrestleAPI][39m Added new route [33mPublic[39m [36m[GET] /vehicles[39m 
[36m[19:07:28] [39m[33m[TrestleAPI][39m Added new route [33mPublic[39m [36m[GET] /vehicles/:id[39m 
[36m[19:07:28] [39m[33m[TrestleAPI][39m Added new route [33mPublic[39m [36m[POST] /vehicles[39m 
[36m[19:07:53] [39m[33m[Database][39m Model [36mCharacter[39m loaded 
[36m[19:07:53] [39m[33m[Database][39m Model [36mUser[39m loaded 
[36m[19:07:53] [39m[33m[Database][39m Model [36mVehicle[39m loaded 
[36m[19:07:54] [39m[35m[index.js][39m [32mDatabase successfully initialized[39m 
[36m[19:07:54] [39m[33m[Router] Loading routes from ./routes/Authentication/index.js[39m 
[36m[19:07:54] [39m[33m[Router] Loading routes from ./routes/DatabaseModels/index.js[39m 
[36m[19:07:54] [39m[47m [33mD[39m[32mE[39m[34mB[39m[35mU[39m[31mG[39m [49m 
{} 

[36m[19:07:54] [39m[47m [33mD[39m[32mE[39m[34mB[39m[35mU[39m[31mG[39m [49m 
{"id":{"type":{},"primaryKey":true,"defaultValue":{},"unique":true,"allowNull":false,"fieldName":"id","_modelAttribute":true,"field":"id"},"name":{"type":{"options":{},"_length":255},"allowNull":false,"fieldName":"name","_modelAttribute":true,"field":"name"},"gender":{"type":{"values":["f","m"],"options":{"values":["f","m"]}},"values":["f","m"],"allowNull":false,"fieldName":"gender","_modelAttribute":true,"field":"gender"},"userId":{"type":{},"allowNull":false,"fieldName":"userId","_modelAttribute":true,"field":"userId","references":{"model":"Users","key":"id"},"onDelete":"NO ACTION","onUpdate":"CASCADE"},"upperbody":{"type":{"options":{}},"allowNull":false,"defaultValue":0,"validate":{"min":0,"max":168},"fieldName":"upperbody","_modelAttribute":true,"field":"upperbody"},"clothMask":{"type":{"options":{}},"allowNull":false,"defaultValue":0,"validate":{"min":0,"max":148},"fieldName":"clothMask","_modelAttribute":true,"field":"clothMask"},"clothLowerbody":{"type":{"options":{}},"allowNull":false,"defaultValue":0,"validate":{"min":0,"max":115},"fieldName":"clothLowerbody","_modelAttribute":true,"field":"clothLowerbody"},"clothBackpack":{"type":{"options":{}},"allowNull":false,"defaultValue":0,"validate":{"min":0,"max":81},"fieldName":"clothBackpack","_modelAttribute":true,"field":"clothBackpack"},"clothShoes":{"type":{"options":{}},"allowNull":false,"defaultValue":0,"validate":{"min":0,"max":91},"fieldName":"clothShoes","_modelAttribute":true,"field":"clothShoes"},"clothNeck":{"type":{"options":{}},"allowNull":false,"defaultValue":0,"validate":{"min":0,"max":132},"fieldName":"clothNeck","_modelAttribute":true,"field":"clothNeck"},"clothShirt":{"type":{"options":{}},"allowNull":false,"defaultValue":0,"validate":{"min":0,"max":144},"fieldName":"clothShirt","_modelAttribute":true,"field":"clothShirt"},"clothArmor":{"type":{"options":{}},"allowNull":false,"defaultValue":0,"validate":{"min":0,"max":38},"fieldName":"clothArmor","_modelAttribute":true,"field":"clothArmor"},"clothJacket":{"type":{"options":{}},"allowNull":false,"defaultValue":0,"validate":{"min":0,"max":290},"fieldName":"clothJacket","_modelAttribute":true,"field":"clothJacket"},"createdAt":{"type":{"options":{},"_length":""},"allowNull":false,"_autoGenerated":true,"fieldName":"createdAt","_modelAttribute":true,"field":"createdAt"},"updatedAt":{"type":{"options":{},"_length":""},"allowNull":false,"_autoGenerated":true,"fieldName":"updatedAt","_modelAttribute":true,"field":"updatedAt"}} 

[36m[19:07:54] [39m[47m [33mD[39m[32mE[39m[34mB[39m[35mU[39m[31mG[39m [49m 
{"id":{"type":{},"primaryKey":true,"defaultValue":{},"unique":true,"allowNull":false,"fieldName":"id","_modelAttribute":true,"field":"id"},"username":{"type":{"options":{},"_length":255},"allowNull":false,"fieldName":"username","_modelAttribute":true,"field":"username"},"defaultCharacterId":{"type":{},"allowNull":true,"fieldName":"defaultCharacterId","_modelAttribute":true,"field":"defaultCharacterId"},"license":{"type":{"options":{},"_length":255},"allowNull":false,"fieldName":"license","_modelAttribute":true,"field":"license"},"xbl":{"type":{"options":{},"_length":255},"allowNull":true,"fieldName":"xbl","_modelAttribute":true,"field":"xbl"},"live":{"type":{"options":{},"_length":255},"allowNull":true,"fieldName":"live","_modelAttribute":true,"field":"live"},"discord":{"type":{"options":{},"_length":255},"allowNull":true,"fieldName":"discord","_modelAttribute":true,"field":"discord"},"fivem":{"type":{"options":{},"_length":255},"allowNull":true,"fieldName":"fivem","_modelAttribute":true,"field":"fivem"},"license2":{"type":{"options":{},"_length":255},"allowNull":true,"fieldName":"license2","_modelAttribute":true,"field":"license2"},"createdAt":{"type":{"options":{},"_length":""},"allowNull":false,"_autoGenerated":true,"fieldName":"createdAt","_modelAttribute":true,"field":"createdAt"},"updatedAt":{"type":{"options":{},"_length":""},"allowNull":false,"_autoGenerated":true,"fieldName":"updatedAt","_modelAttribute":true,"field":"updatedAt"}} 

[36m[19:07:54] [39m[47m [33mD[39m[32mE[39m[34mB[39m[35mU[39m[31mG[39m [49m 
{"id":{"type":{},"primaryKey":true,"defaultValue":{},"unique":true,"allowNull":false,"fieldName":"id","_modelAttribute":true,"field":"id"},"name":{"type":{"options":{},"_length":255},"allowNull":true,"fieldName":"name","_modelAttribute":true,"field":"name"},"model":{"type":{"options":{},"_length":255},"allowNull":false,"fieldName":"model","_modelAttribute":true,"field":"model"},"userId":{"type":{},"allowNull":false,"fieldName":"userId","_modelAttribute":true,"field":"userId","references":{"model":"Users","key":"id"},"onDelete":"CASCADE","onUpdate":"CASCADE"},"mods":{"type":{},"allowNull":false,"defaultValue":{},"fieldName":"mods","_modelAttribute":true,"field":"mods"},"colors":{"type":{},"allowNull":false,"defaultValue":[0,0],"fieldName":"colors","_modelAttribute":true,"field":"colors"},"createdAt":{"type":{"options":{},"_length":""},"allowNull":false,"_autoGenerated":true,"fieldName":"createdAt","_modelAttribute":true,"field":"createdAt"},"updatedAt":{"type":{"options":{},"_length":""},"allowNull":false,"_autoGenerated":true,"fieldName":"updatedAt","_modelAttribute":true,"field":"updatedAt"}} 

[36m[19:07:54] [39m[43m[31m WARNING [39m[49m [33m[TrestleAPI][39m [31m[43mWARNING: Running in insecure mode, this is not recommended.[49m[39m 
[36m[19:07:54] [39m[33m[TrestleAPI][39m [36mPort: 8081[39m Creating Listening Server... 
[36m[19:07:54] [39m[33m[TrestleAPI][39m Added new route [33mPublic[39m [36m[POST] /authenticate[39m 
[36m[19:07:54] [39m[33m[TrestleAPI][39m Added new route [33mPublic[39m [36m[GET] /characters[39m 
[36m[19:07:54] [39m[33m[TrestleAPI][39m Added new route [33mPublic[39m [36m[GET] /characters/:id[39m 
[36m[19:07:54] [39m[33m[TrestleAPI][39m Added new route [33mPublic[39m [36m[POST] /characters[39m 
[36m[19:07:54] [39m[33m[TrestleAPI][39m Added new route [33mPublic[39m [36m[GET] /users[39m 
[36m[19:07:54] [39m[33m[TrestleAPI][39m Added new route [33mPublic[39m [36m[GET] /users/:id[39m 
[36m[19:07:54] [39m[33m[TrestleAPI][39m Added new route [33mPublic[39m [36m[POST] /users[39m 
[36m[19:07:54] [39m[33m[TrestleAPI][39m Added new route [33mPublic[39m [36m[GET] /vehicles[39m 
[36m[19:07:54] [39m[33m[TrestleAPI][39m Added new route [33mPublic[39m [36m[GET] /vehicles/:id[39m 
[36m[19:07:54] [39m[33m[TrestleAPI][39m Added new route [33mPublic[39m [36m[POST] /vehicles[39m 
[36m[19:09:02] [39m[33m[Database][39m Model [36mCharacter[39m loaded 
[36m[19:09:02] [39m[33m[Database][39m Model [36mUser[39m loaded 
[36m[19:09:02] [39m[33m[Database][39m Model [36mVehicle[39m loaded 
[36m[19:09:03] [39m[35m[index.js][39m [32mDatabase successfully initialized[39m 
[36m[19:09:03] [39m[33m[Router] Loading routes from ./routes/Authentication/index.js[39m 
[36m[19:09:03] [39m[33m[Router] Loading routes from ./routes/DatabaseModels/index.js[39m 
[36m[19:09:03] [39m[47m [33mD[39m[32mE[39m[34mB[39m[35mU[39m[31mG[39m [49m 
{} 

[36m[19:09:16] [39m[33m[Database][39m Model [36mCharacter[39m loaded 
[36m[19:09:16] [39m[33m[Database][39m Model [36mUser[39m loaded 
[36m[19:09:16] [39m[33m[Database][39m Model [36mVehicle[39m loaded 
[36m[19:09:17] [39m[35m[index.js][39m [32mDatabase successfully initialized[39m 
[36m[19:09:17] [39m[33m[Router] Loading routes from ./routes/Authentication/index.js[39m 
[36m[19:09:17] [39m[33m[Router] Loading routes from ./routes/DatabaseModels/index.js[39m 
[36m[19:09:17] [39m[47m [33mD[39m[32mE[39m[34mB[39m[35mU[39m[31mG[39m [49m 
{} 

[36m[19:09:17] [39m[47m [33mD[39m[32mE[39m[34mB[39m[35mU[39m[31mG[39m [49m 
["id","name","gender","userId","upperbody","clothMask","clothLowerbody","clothBackpack","clothShoes","clothNeck","clothShirt","clothArmor","clothJacket","createdAt","updatedAt"] 

[36m[19:09:17] [39m[47m [33mD[39m[32mE[39m[34mB[39m[35mU[39m[31mG[39m [49m 
["id","username","defaultCharacterId","license","xbl","live","discord","fivem","license2","createdAt","updatedAt"] 

[36m[19:09:17] [39m[47m [33mD[39m[32mE[39m[34mB[39m[35mU[39m[31mG[39m [49m 
["id","name","model","userId","mods","colors","createdAt","updatedAt"] 

[36m[19:09:17] [39m[43m[31m WARNING [39m[49m [33m[TrestleAPI][39m [31m[43mWARNING: Running in insecure mode, this is not recommended.[49m[39m 
[36m[19:09:17] [39m[33m[TrestleAPI][39m [36mPort: 8081[39m Creating Listening Server... 
[36m[19:09:17] [39m[33m[TrestleAPI][39m Added new route [33mPublic[39m [36m[POST] /authenticate[39m 
[36m[19:09:17] [39m[33m[TrestleAPI][39m Added new route [33mPublic[39m [36m[GET] /characters[39m 
[36m[19:09:17] [39m[33m[TrestleAPI][39m Added new route [33mPublic[39m [36m[GET] /characters/:id[39m 
[36m[19:09:17] [39m[33m[TrestleAPI][39m Added new route [33mPublic[39m [36m[POST] /characters[39m 
[36m[19:09:17] [39m[33m[TrestleAPI][39m Added new route [33mPublic[39m [36m[GET] /users[39m 
[36m[19:09:17] [39m[33m[TrestleAPI][39m Added new route [33mPublic[39m [36m[GET] /users/:id[39m 
[36m[19:09:17] [39m[33m[TrestleAPI][39m Added new route [33mPublic[39m [36m[POST] /users[39m 
[36m[19:09:17] [39m[33m[TrestleAPI][39m Added new route [33mPublic[39m [36m[GET] /vehicles[39m 
[36m[19:09:17] [39m[33m[TrestleAPI][39m Added new route [33mPublic[39m [36m[GET] /vehicles/:id[39m 
[36m[19:09:17] [39m[33m[TrestleAPI][39m Added new route [33mPublic[39m [36m[POST] /vehicles[39m 
[36m[19:10:49] [39m[33m[Database][39m Model [36mCharacter[39m loaded 
[36m[19:10:49] [39m[33m[Database][39m Model [36mUser[39m loaded 
[36m[19:10:49] [39m[33m[Database][39m Model [36mVehicle[39m loaded 
[36m[19:10:50] [39m[35m[index.js][39m [32mDatabase successfully initialized[39m 
[36m[19:10:50] [39m[33m[Router] Loading routes from ./routes/Authentication/index.js[39m 
[36m[19:10:50] [39m[33m[Router] Loading routes from ./routes/DatabaseModels/index.js[39m 
[36m[19:10:50] [39m[47m [33mD[39m[32mE[39m[34mB[39m[35mU[39m[31mG[39m [49m 
{} 

[36m[19:10:50] [39m[47m [33mD[39m[32mE[39m[34mB[39m[35mU[39m[31mG[39m [49m 
["id","name","gender","userId","upperbody","clothMask","clothLowerbody","clothBackpack","clothShoes","clothNeck","clothShirt","clothArmor","clothJacket","createdAt","updatedAt"] 

[36m[19:10:50] [39m[47m [33mD[39m[32mE[39m[34mB[39m[35mU[39m[31mG[39m [49m 
["id","username","defaultCharacterId","license","xbl","live","discord","fivem","license2","createdAt","updatedAt"] 

[36m[19:10:50] [39m[47m [33mD[39m[32mE[39m[34mB[39m[35mU[39m[31mG[39m [49m 
["id","name","model","userId","mods","colors","createdAt","updatedAt"] 

[36m[19:10:50] [39m[43m[31m WARNING [39m[49m [33m[TrestleAPI][39m [31m[43mWARNING: Running in insecure mode, this is not recommended.[49m[39m 
[36m[19:10:50] [39m[33m[TrestleAPI][39m [36mPort: 8081[39m Creating Listening Server... 
[36m[19:10:50] [39m[33m[TrestleAPI][39m Added new route [33mPublic[39m [36m[POST] /authenticate[39m 
[36m[19:10:50] [39m[33m[TrestleAPI][39m Added new route [33mPublic[39m [36m[GET] /characters[39m 
[36m[19:10:50] [39m[33m[TrestleAPI][39m Added new route [33mPublic[39m [36m[GET] /characters/:id[39m 
[36m[19:10:50] [39m[33m[TrestleAPI][39m Added new route [33mPublic[39m [36m[POST] /characters[39m 
[36m[19:10:50] [39m[33m[TrestleAPI][39m Added new route [33mPublic[39m [36m[GET] /users[39m 
[36m[19:10:50] [39m[33m[TrestleAPI][39m Added new route [33mPublic[39m [36m[GET] /users/:id[39m 
[36m[19:10:50] [39m[33m[TrestleAPI][39m Added new route [33mPublic[39m [36m[POST] /users[39m 
[36m[19:10:50] [39m[33m[TrestleAPI][39m Added new route [33mPublic[39m [36m[GET] /vehicles[39m 
[36m[19:10:50] [39m[33m[TrestleAPI][39m Added new route [33mPublic[39m [36m[GET] /vehicles/:id[39m 
[36m[19:10:50] [39m[33m[TrestleAPI][39m Added new route [33mPublic[39m [36m[POST] /vehicles[39m 
[36m[19:10:51] [39m[33m[TrestleAPI][39m ::1 [GET] /vehicles?name=%22lancia%22 
[36m[19:10:51] [39m[47m [33mD[39m[32mE[39m[34mB[39m[35mU[39m[31mG[39m [49m 
[{"id":"0f304893-37fe-41e9-b54e-f463bf7d16a8","name":"Obey 9F","model":"NINEF","userId":"bfae5a6a-eea1-4cd9-9b76-d2654d5a08cb","mods":{"0":0,"4":0,"7":0,"11":3,"12":2,"13":2,"14":8,"15":3,"16":4,"50":3,"51":2,"52":2,"53":8,"54":3,"55":4},"colors":{"primary":28,"secondary":147},"createdAt":"2022-04-25T17:37:09.000Z","updatedAt":"2022-04-25T17:37:09.000Z"},{"id":"1fa22732-7c4a-4309-99dc-fa67822e638e","name":"Robin","model":"ROBIN","userId":"bfae5a6a-eea1-4cd9-9b76-d2654d5a08cb","mods":{"11":3,"12":2,"13":2,"14":32,"15":4,"50":3,"51":2,"52":2,"53":32,"54":4},"colors":{"primary":12,"secondary":12},"createdAt":"2022-04-25T17:35:22.000Z","updatedAt":"2022-04-25T17:35:22.000Z"},{"id":"47702076-cafa-42af-a792-0a340cb0ca20","name":"BMW E30 M3","model":"sentinel3","userId":"e1a247c6-c0aa-481e-b21c-479a488cb345","mods":{"0":6,"1":4,"4":1,"5":4,"6":0,"7":13,"10":1,"11":3,"12":2,"13":2,"15":2,"16":4,"23":48,"50":3,"51":2,"52":2,"54":2,"55":4,"62":48},"colors":{"primary":88,"secondary":0},"createdAt":"2022-04-25T17:36:36.000Z","updatedAt":"2022-04-25T17:36:36.000Z"},{"id":"59663bbd-00d3-413c-83b8-12e9bdc9e0e0","name":"Tesla","model":"teslax","userId":"bfae5a6a-eea1-4cd9-9b76-d2654d5a08cb","mods":{"11":3,"12":2,"13":2,"16":4,"50":3,"51":2,"52":2,"55":4},"colors":{"primary":12,"secondary":39},"createdAt":"2022-04-25T17:35:44.000Z","updatedAt":"2022-04-25T17:35:44.000Z"},{"id":"6f1d7cd7-a7d9-4f99-b6c3-37a28d6b1c1b","name":"Police","model":"POLICE","userId":"bfae5a6a-eea1-4cd9-9b76-d2654d5a08cb","mods":{"11":3,"12":2,"13":2,"50":3,"51":2,"52":2},"colors":{"primary":134,"secondary":134},"createdAt":"2022-04-25T17:37:34.000Z","updatedAt":"2022-04-25T17:37:34.000Z"},{"id":"77783cdf-9df4-49af-9773-9bd1a6f4ad74","name":"Golf","model":"golf7r","userId":"bfae5a6a-eea1-4cd9-9b76-d2654d5a08cb","mods":{"11":3,"12":2,"13":2,"14":52,"15":3,"16":4,"50":3,"51":2,"52":2,"53":52,"54":3,"55":4},"colors":{"primary":12,"secondary":150},"createdAt":"2022-04-25T17:34:51.000Z","updatedAt":"2022-04-25T17:34:51.000Z"},{"id":"930eb8df-837b-41ab-96b6-fe65b542ae85","name":"Tornado","model":"TORNADO","userId":"bfae5a6a-eea1-4cd9-9b76-d2654d5a08cb","mods":{"8":0,"9":0,"11":3,"12":2,"13":2,"14":8,"16":4,"50":3,"51":2,"52":2,"53":8,"55":4},"colors":{"primary":0,"secondary":0},"createdAt":"2022-04-25T17:36:20.000Z","updatedAt":"2022-04-25T17:36:20.000Z"},{"id":"9850a03c-23c7-42c3-b59b-818dfc7966e6","name":"Kenblock Fiesta","model":"FLASHGT","userId":"e1a247c6-c0aa-481e-b21c-479a488cb345","mods":{"0":2,"1":0,"3":1,"4":3,"5":1,"10":0,"11":3,"12":2,"13":2,"15":4,"16":4,"23":49,"48":8,"50":3,"51":2,"52":2,"54":4,"55":4,"62":49},"colors":{"primary":0,"secondary":112},"createdAt":"2022-04-25T17:37:02.000Z","updatedAt":"2022-04-25T17:37:02.000Z"},{"id":"a3c22907-d56d-40f0-8981-cb9752f03faf","name":"Lancia","model":"LANCIAD","userId":"bfae5a6a-eea1-4cd9-9b76-d2654d5a08cb","mods":{"0":0,"11":3,"12":2,"13":2,"14":9,"15":0,"16":4,"23":7,"32":0,"48":0,"50":3,"51":2,"52":2,"53":9,"54":0,"55":4,"62":7},"colors":{"primary":132,"secondary":5},"createdAt":"2022-04-25T17:36:49.000Z","updatedAt":"2022-04-25T17:36:49.000Z"},{"id":"cada9b93-9257-48b9-aa81-dd44d3347ee6","name":"Spit Fire","model":"NOKOTA","userId":"bfae5a6a-eea1-4cd9-9b76-d2654d5a08cb","mods":{"1":1,"10":0,"11":3,"12":2,"16":4,"48":0,"50":3,"51":2,"55":4},"colors":{"primary":12,"secondary":13},"createdAt":"2022-04-25T17:38:01.000Z","updatedAt":"2022-04-25T17:38:01.000Z"},{"id":"fea2eda0-1797-40ca-8b94-9217578f274f","name":"Dad's Lancia","model":"LANCIAD","userId":"e1a247c6-c0aa-481e-b21c-479a488cb345","mods":{"0":2,"1":0,"4":0,"11":3,"12":2,"13":2,"15":2,"16":4,"23":3,"32":0,"33":0,"48":0,"50":3,"51":2,"52":2,"54":2,"55":4,"62":3},"colors":{"primary":112,"secondary":82},"createdAt":"2022-04-25T17:35:56.000Z","updatedAt":"2022-04-25T17:35:56.000Z"}] 

[36m[19:12:50] [39m[33m[Database][39m Model [36mCharacter[39m loaded 
[36m[19:12:50] [39m[33m[Database][39m Model [36mUser[39m loaded 
[36m[19:12:50] [39m[33m[Database][39m Model [36mVehicle[39m loaded 
[36m[19:12:50] [39m[35m[index.js][39m [32mDatabase successfully initialized[39m 
[36m[19:12:50] [39m[33m[Router] Loading routes from ./routes/Authentication/index.js[39m 
[36m[19:12:50] [39m[33m[Router] Loading routes from ./routes/DatabaseModels/index.js[39m 
[36m[19:12:50] [39m[47m [33mD[39m[32mE[39m[34mB[39m[35mU[39m[31mG[39m [49m 
{} 

[36m[19:12:50] [39m[47m [33mD[39m[32mE[39m[34mB[39m[35mU[39m[31mG[39m [49m 
["id","name","gender","userId","upperbody","clothMask","clothLowerbody","clothBackpack","clothShoes","clothNeck","clothShirt","clothArmor","clothJacket","createdAt","updatedAt"] 

[36m[19:12:50] [39m[47m [33mD[39m[32mE[39m[34mB[39m[35mU[39m[31mG[39m [49m 
["id","username","defaultCharacterId","license","xbl","live","discord","fivem","license2","createdAt","updatedAt"] 

[36m[19:12:50] [39m[47m [33mD[39m[32mE[39m[34mB[39m[35mU[39m[31mG[39m [49m 
["id","name","model","userId","mods","colors","createdAt","updatedAt"] 

[36m[19:12:50] [39m[43m[31m WARNING [39m[49m [33m[TrestleAPI][39m [31m[43mWARNING: Running in insecure mode, this is not recommended.[49m[39m 
[36m[19:12:50] [39m[33m[TrestleAPI][39m [36mPort: 8081[39m Creating Listening Server... 
[36m[19:12:50] [39m[33m[TrestleAPI][39m Added new route [33mPublic[39m [36m[POST] /authenticate[39m 
[36m[19:12:50] [39m[33m[TrestleAPI][39m Added new route [33mPublic[39m [36m[GET] /characters[39m 
[36m[19:12:50] [39m[33m[TrestleAPI][39m Added new route [33mPublic[39m [36m[GET] /characters/:id[39m 
[36m[19:12:50] [39m[33m[TrestleAPI][39m Added new route [33mPublic[39m [36m[POST] /characters[39m 
[36m[19:12:50] [39m[33m[TrestleAPI][39m Added new route [33mPublic[39m [36m[GET] /users[39m 
[36m[19:12:50] [39m[33m[TrestleAPI][39m Added new route [33mPublic[39m [36m[GET] /users/:id[39m 
[36m[19:12:50] [39m[33m[TrestleAPI][39m Added new route [33mPublic[39m [36m[POST] /users[39m 
[36m[19:12:50] [39m[33m[TrestleAPI][39m Added new route [33mPublic[39m [36m[GET] /vehicles[39m 
[36m[19:12:50] [39m[33m[TrestleAPI][39m Added new route [33mPublic[39m [36m[GET] /vehicles/:id[39m 
[36m[19:12:50] [39m[33m[TrestleAPI][39m Added new route [33mPublic[39m [36m[POST] /vehicles[39m 
[36m[19:12:51] [39m[33m[TrestleAPI][39m ::1 [GET] /vehicles?name=%22lancia%22 
[36m[19:12:54] [39m[33m[TrestleAPI][39m ::1 [GET] /vehicles?name=%22Dad%22 
[36m[19:12:57] [39m[33m[TrestleAPI][39m ::1 [GET] /vehicles 
[36m[19:13:07] [39m[33m[TrestleAPI][39m ::1 [GET] /vehicles?name=%22Robin%22 
[36m[19:13:21] [39m[33m[Database][39m Model [36mCharacter[39m loaded 
[36m[19:13:21] [39m[33m[Database][39m Model [36mUser[39m loaded 
[36m[19:13:21] [39m[33m[Database][39m Model [36mVehicle[39m loaded 
[36m[19:13:21] [39m[35m[index.js][39m [32mDatabase successfully initialized[39m 
[36m[19:13:21] [39m[33m[Router] Loading routes from ./routes/Authentication/index.js[39m 
[36m[19:13:21] [39m[33m[Router] Loading routes from ./routes/DatabaseModels/index.js[39m 
[36m[19:13:21] [39m[47m [33mD[39m[32mE[39m[34mB[39m[35mU[39m[31mG[39m [49m 
{} 

[36m[19:13:21] [39m[47m [33mD[39m[32mE[39m[34mB[39m[35mU[39m[31mG[39m [49m 
["id","name","gender","userId","upperbody","clothMask","clothLowerbody","clothBackpack","clothShoes","clothNeck","clothShirt","clothArmor","clothJacket","createdAt","updatedAt"] 

[36m[19:13:21] [39m[47m [33mD[39m[32mE[39m[34mB[39m[35mU[39m[31mG[39m [49m 
["id","username","defaultCharacterId","license","xbl","live","discord","fivem","license2","createdAt","updatedAt"] 

[36m[19:13:21] [39m[47m [33mD[39m[32mE[39m[34mB[39m[35mU[39m[31mG[39m [49m 
["id","name","model","userId","mods","colors","createdAt","updatedAt"] 

[36m[19:13:21] [39m[43m[31m WARNING [39m[49m [33m[TrestleAPI][39m [31m[43mWARNING: Running in insecure mode, this is not recommended.[49m[39m 
[36m[19:13:21] [39m[33m[TrestleAPI][39m [36mPort: 8081[39m Creating Listening Server... 
[36m[19:13:21] [39m[33m[TrestleAPI][39m Added new route [33mPublic[39m [36m[POST] /authenticate[39m 
[36m[19:13:21] [39m[33m[TrestleAPI][39m Added new route [33mPublic[39m [36m[GET] /characters[39m 
[36m[19:13:21] [39m[33m[TrestleAPI][39m Added new route [33mPublic[39m [36m[GET] /characters/:id[39m 
[36m[19:13:21] [39m[33m[TrestleAPI][39m Added new route [33mPublic[39m [36m[POST] /characters[39m 
[36m[19:13:21] [39m[33m[TrestleAPI][39m Added new route [33mPublic[39m [36m[GET] /users[39m 
[36m[19:13:21] [39m[33m[TrestleAPI][39m Added new route [33mPublic[39m [36m[GET] /users/:id[39m 
[36m[19:13:21] [39m[33m[TrestleAPI][39m Added new route [33mPublic[39m [36m[POST] /users[39m 
[36m[19:13:21] [39m[33m[TrestleAPI][39m Added new route [33mPublic[39m [36m[GET] /vehicles[39m 
[36m[19:13:21] [39m[33m[TrestleAPI][39m Added new route [33mPublic[39m [36m[GET] /vehicles/:id[39m 
[36m[19:13:21] [39m[33m[TrestleAPI][39m Added new route [33mPublic[39m [36m[POST] /vehicles[39m 
[36m[19:13:27] [39m[33m[Database][39m Model [36mCharacter[39m loaded 
[36m[19:13:27] [39m[33m[Database][39m Model [36mUser[39m loaded 
[36m[19:13:27] [39m[33m[Database][39m Model [36mVehicle[39m loaded 
[36m[19:13:27] [39m[35m[index.js][39m [32mDatabase successfully initialized[39m 
[36m[19:13:27] [39m[33m[Router] Loading routes from ./routes/Authentication/index.js[39m 
[36m[19:13:27] [39m[33m[Router] Loading routes from ./routes/DatabaseModels/index.js[39m 
[36m[19:13:27] [39m[47m [33mD[39m[32mE[39m[34mB[39m[35mU[39m[31mG[39m [49m 
{} 

[36m[19:13:27] [39m[43m[31m WARNING [39m[49m [33m[TrestleAPI][39m [31m[43mWARNING: Running in insecure mode, this is not recommended.[49m[39m 
[36m[19:13:27] [39m[33m[TrestleAPI][39m [36mPort: 8081[39m Creating Listening Server... 
[36m[19:13:27] [39m[33m[TrestleAPI][39m Added new route [33mPublic[39m [36m[POST] /authenticate[39m 
[36m[19:13:27] [39m[33m[TrestleAPI][39m Added new route [33mPublic[39m [36m[GET] /characters[39m 
[36m[19:13:27] [39m[33m[TrestleAPI][39m Added new route [33mPublic[39m [36m[GET] /characters/:id[39m 
[36m[19:13:27] [39m[33m[TrestleAPI][39m Added new route [33mPublic[39m [36m[POST] /characters[39m 
[36m[19:13:27] [39m[33m[TrestleAPI][39m Added new route [33mPublic[39m [36m[GET] /users[39m 
[36m[19:13:27] [39m[33m[TrestleAPI][39m Added new route [33mPublic[39m [36m[GET] /users/:id[39m 
[36m[19:13:27] [39m[33m[TrestleAPI][39m Added new route [33mPublic[39m [36m[POST] /users[39m 
[36m[19:13:27] [39m[33m[TrestleAPI][39m Added new route [33mPublic[39m [36m[GET] /vehicles[39m 
[36m[19:13:27] [39m[33m[TrestleAPI][39m Added new route [33mPublic[39m [36m[GET] /vehicles/:id[39m 
[36m[19:13:27] [39m[33m[TrestleAPI][39m Added new route [33mPublic[39m [36m[POST] /vehicles[39m 
[36m[19:13:29] [39m[33m[TrestleAPI][39m ::1 [GET] /vehicles?name=%22Robin%22 
[36m[19:13:29] [39m[47m [33mD[39m[32mE[39m[34mB[39m[35mU[39m[31mG[39m [49m 
["name"] 

[36m[19:13:43] [39m[33m[Database][39m Model [36mCharacter[39m loaded 
[36m[19:13:43] [39m[33m[Database][39m Model [36mUser[39m loaded 
[36m[19:13:43] [39m[33m[Database][39m Model [36mVehicle[39m loaded 
[36m[19:13:44] [39m[35m[index.js][39m [32mDatabase successfully initialized[39m 
[36m[19:13:44] [39m[33m[Router] Loading routes from ./routes/Authentication/index.js[39m 
[36m[19:13:44] [39m[33m[Router] Loading routes from ./routes/DatabaseModels/index.js[39m 
[36m[19:13:44] [39m[47m [33mD[39m[32mE[39m[34mB[39m[35mU[39m[31mG[39m [49m 
{} 

[36m[19:13:44] [39m[43m[31m WARNING [39m[49m [33m[TrestleAPI][39m [31m[43mWARNING: Running in insecure mode, this is not recommended.[49m[39m 
[36m[19:13:44] [39m[33m[TrestleAPI][39m [36mPort: 8081[39m Creating Listening Server... 
[36m[19:13:44] [39m[33m[TrestleAPI][39m Added new route [33mPublic[39m [36m[POST] /authenticate[39m 
[36m[19:13:44] [39m[33m[TrestleAPI][39m Added new route [33mPublic[39m [36m[GET] /characters[39m 
[36m[19:13:44] [39m[33m[TrestleAPI][39m Added new route [33mPublic[39m [36m[GET] /characters/:id[39m 
[36m[19:13:44] [39m[33m[TrestleAPI][39m Added new route [33mPublic[39m [36m[POST] /characters[39m 
[36m[19:13:44] [39m[33m[TrestleAPI][39m Added new route [33mPublic[39m [36m[GET] /users[39m 
[36m[19:13:44] [39m[33m[TrestleAPI][39m Added new route [33mPublic[39m [36m[GET] /users/:id[39m 
[36m[19:13:44] [39m[33m[TrestleAPI][39m Added new route [33mPublic[39m [36m[POST] /users[39m 
[36m[19:13:44] [39m[33m[TrestleAPI][39m Added new route [33mPublic[39m [36m[GET] /vehicles[39m 
[36m[19:13:44] [39m[33m[TrestleAPI][39m Added new route [33mPublic[39m [36m[GET] /vehicles/:id[39m 
[36m[19:13:44] [39m[33m[TrestleAPI][39m Added new route [33mPublic[39m [36m[POST] /vehicles[39m 
[36m[19:13:45] [39m[33m[TrestleAPI][39m ::1 [GET] /vehicles?name=%22Robin%22 
[36m[19:13:45] [39m[47m [33mD[39m[32mE[39m[34mB[39m[35mU[39m[31mG[39m [49m name Obey 9F "Robin" 
[36m[19:13:45] [39m[47m [33mD[39m[32mE[39m[34mB[39m[35mU[39m[31mG[39m [49m name Robin "Robin" 
[36m[19:13:45] [39m[47m [33mD[39m[32mE[39m[34mB[39m[35mU[39m[31mG[39m [49m name BMW E30 M3 "Robin" 
[36m[19:13:45] [39m[47m [33mD[39m[32mE[39m[34mB[39m[35mU[39m[31mG[39m [49m name Tesla "Robin" 
[36m[19:13:45] [39m[47m [33mD[39m[32mE[39m[34mB[39m[35mU[39m[31mG[39m [49m name Police "Robin" 
[36m[19:13:45] [39m[47m [33mD[39m[32mE[39m[34mB[39m[35mU[39m[31mG[39m [49m name Golf "Robin" 
[36m[19:13:45] [39m[47m [33mD[39m[32mE[39m[34mB[39m[35mU[39m[31mG[39m [49m name Tornado "Robin" 
[36m[19:13:45] [39m[47m [33mD[39m[32mE[39m[34mB[39m[35mU[39m[31mG[39m [49m name Kenblock Fiesta "Robin" 
[36m[19:13:45] [39m[47m [33mD[39m[32mE[39m[34mB[39m[35mU[39m[31mG[39m [49m name Lancia "Robin" 
[36m[19:13:45] [39m[47m [33mD[39m[32mE[39m[34mB[39m[35mU[39m[31mG[39m [49m name Spit Fire "Robin" 
[36m[19:13:45] [39m[47m [33mD[39m[32mE[39m[34mB[39m[35mU[39m[31mG[39m [49m name Dad's Lancia "Robin" 
[36m[19:13:54] [39m[33m[TrestleAPI][39m ::1 [GET] /vehicles?name=Robin 
[36m[19:13:54] [39m[47m [33mD[39m[32mE[39m[34mB[39m[35mU[39m[31mG[39m [49m name Obey 9F Robin 
[36m[19:13:54] [39m[47m [33mD[39m[32mE[39m[34mB[39m[35mU[39m[31mG[39m [49m name Robin Robin 
[36m[19:13:54] [39m[47m [33mD[39m[32mE[39m[34mB[39m[35mU[39m[31mG[39m [49m name BMW E30 M3 Robin 
[36m[19:13:54] [39m[47m [33mD[39m[32mE[39m[34mB[39m[35mU[39m[31mG[39m [49m name Tesla Robin 
[36m[19:13:54] [39m[47m [33mD[39m[32mE[39m[34mB[39m[35mU[39m[31mG[39m [49m name Police Robin 
[36m[19:13:54] [39m[47m [33mD[39m[32mE[39m[34mB[39m[35mU[39m[31mG[39m [49m name Golf Robin 
[36m[19:13:54] [39m[47m [33mD[39m[32mE[39m[34mB[39m[35mU[39m[31mG[39m [49m name Tornado Robin 
[36m[19:13:54] [39m[47m [33mD[39m[32mE[39m[34mB[39m[35mU[39m[31mG[39m [49m name Kenblock Fiesta Robin 
[36m[19:13:54] [39m[47m [33mD[39m[32mE[39m[34mB[39m[35mU[39m[31mG[39m [49m name Lancia Robin 
[36m[19:13:54] [39m[47m [33mD[39m[32mE[39m[34mB[39m[35mU[39m[31mG[39m [49m name Spit Fire Robin 
[36m[19:13:54] [39m[47m [33mD[39m[32mE[39m[34mB[39m[35mU[39m[31mG[39m [49m name Dad's Lancia Robin 
[36m[19:13:58] [39m[33m[TrestleAPI][39m ::1 [GET] /vehicles?name=robin 
[36m[19:13:58] [39m[47m [33mD[39m[32mE[39m[34mB[39m[35mU[39m[31mG[39m [49m name Obey 9F robin 
[36m[19:13:58] [39m[47m [33mD[39m[32mE[39m[34mB[39m[35mU[39m[31mG[39m [49m name Robin robin 
[36m[19:13:58] [39m[47m [33mD[39m[32mE[39m[34mB[39m[35mU[39m[31mG[39m [49m name BMW E30 M3 robin 
[36m[19:13:58] [39m[47m [33mD[39m[32mE[39m[34mB[39m[35mU[39m[31mG[39m [49m name Tesla robin 
[36m[19:13:58] [39m[47m [33mD[39m[32mE[39m[34mB[39m[35mU[39m[31mG[39m [49m name Police robin 
[36m[19:13:58] [39m[47m [33mD[39m[32mE[39m[34mB[39m[35mU[39m[31mG[39m [49m name Golf robin 
[36m[19:13:58] [39m[47m [33mD[39m[32mE[39m[34mB[39m[35mU[39m[31mG[39m [49m name Tornado robin 
[36m[19:13:58] [39m[47m [33mD[39m[32mE[39m[34mB[39m[35mU[39m[31mG[39m [49m name Kenblock Fiesta robin 
[36m[19:13:58] [39m[47m [33mD[39m[32mE[39m[34mB[39m[35mU[39m[31mG[39m [49m name Lancia robin 
[36m[19:13:58] [39m[47m [33mD[39m[32mE[39m[34mB[39m[35mU[39m[31mG[39m [49m name Spit Fire robin 
[36m[19:13:58] [39m[47m [33mD[39m[32mE[39m[34mB[39m[35mU[39m[31mG[39m [49m name Dad's Lancia robin 
[36m[19:14:08] [39m[33m[Database][39m Model [36mCharacter[39m loaded 
[36m[19:14:08] [39m[33m[Database][39m Model [36mUser[39m loaded 
[36m[19:14:08] [39m[33m[Database][39m Model [36mVehicle[39m loaded 
[36m[19:14:09] [39m[35m[index.js][39m [32mDatabase successfully initialized[39m 
[36m[19:14:09] [39m[33m[Router] Loading routes from ./routes/Authentication/index.js[39m 
[36m[19:14:09] [39m[33m[Router] Loading routes from ./routes/DatabaseModels/index.js[39m 
[36m[19:14:09] [39m[47m [33mD[39m[32mE[39m[34mB[39m[35mU[39m[31mG[39m [49m 
{} 

[36m[19:14:09] [39m[43m[31m WARNING [39m[49m [33m[TrestleAPI][39m [31m[43mWARNING: Running in insecure mode, this is not recommended.[49m[39m 
[36m[19:14:09] [39m[33m[TrestleAPI][39m [36mPort: 8081[39m Creating Listening Server... 
[36m[19:14:09] [39m[33m[TrestleAPI][39m Added new route [33mPublic[39m [36m[POST] /authenticate[39m 
[36m[19:14:09] [39m[33m[TrestleAPI][39m Added new route [33mPublic[39m [36m[GET] /characters[39m 
[36m[19:14:09] [39m[33m[TrestleAPI][39m Added new route [33mPublic[39m [36m[GET] /characters/:id[39m 
[36m[19:14:09] [39m[33m[TrestleAPI][39m Added new route [33mPublic[39m [36m[POST] /characters[39m 
[36m[19:14:09] [39m[33m[TrestleAPI][39m Added new route [33mPublic[39m [36m[GET] /users[39m 
[36m[19:14:09] [39m[33m[TrestleAPI][39m Added new route [33mPublic[39m [36m[GET] /users/:id[39m 
[36m[19:14:09] [39m[33m[TrestleAPI][39m Added new route [33mPublic[39m [36m[POST] /users[39m 
[36m[19:14:09] [39m[33m[TrestleAPI][39m Added new route [33mPublic[39m [36m[GET] /vehicles[39m 
[36m[19:14:09] [39m[33m[TrestleAPI][39m Added new route [33mPublic[39m [36m[GET] /vehicles/:id[39m 
[36m[19:14:09] [39m[33m[TrestleAPI][39m Added new route [33mPublic[39m [36m[POST] /vehicles[39m 
[36m[19:14:10] [39m[33m[TrestleAPI][39m ::1 [GET] /vehicles?name=robin 
[36m[19:14:10] [39m[47m [33mD[39m[32mE[39m[34mB[39m[35mU[39m[31mG[39m [49m name Obey 9F robin 
[36m[19:14:18] [39m[33m[Database][39m Model [36mCharacter[39m loaded 
[36m[19:14:18] [39m[33m[Database][39m Model [36mUser[39m loaded 
[36m[19:14:18] [39m[33m[Database][39m Model [36mVehicle[39m loaded 
[36m[19:14:18] [39m[35m[index.js][39m [32mDatabase successfully initialized[39m 
[36m[19:14:18] [39m[33m[Router] Loading routes from ./routes/Authentication/index.js[39m 
[36m[19:14:18] [39m[33m[Router] Loading routes from ./routes/DatabaseModels/index.js[39m 
[36m[19:14:18] [39m[47m [33mD[39m[32mE[39m[34mB[39m[35mU[39m[31mG[39m [49m 
{} 

[36m[19:14:18] [39m[43m[31m WARNING [39m[49m [33m[TrestleAPI][39m [31m[43mWARNING: Running in insecure mode, this is not recommended.[49m[39m 
[36m[19:14:18] [39m[33m[TrestleAPI][39m [36mPort: 8081[39m Creating Listening Server... 
[36m[19:14:18] [39m[33m[TrestleAPI][39m Added new route [33mPublic[39m [36m[POST] /authenticate[39m 
[36m[19:14:18] [39m[33m[TrestleAPI][39m Added new route [33mPublic[39m [36m[GET] /characters[39m 
[36m[19:14:18] [39m[33m[TrestleAPI][39m Added new route [33mPublic[39m [36m[GET] /characters/:id[39m 
[36m[19:14:18] [39m[33m[TrestleAPI][39m Added new route [33mPublic[39m [36m[POST] /characters[39m 
[36m[19:14:18] [39m[33m[TrestleAPI][39m Added new route [33mPublic[39m [36m[GET] /users[39m 
[36m[19:14:18] [39m[33m[TrestleAPI][39m Added new route [33mPublic[39m [36m[GET] /users/:id[39m 
[36m[19:14:18] [39m[33m[TrestleAPI][39m Added new route [33mPublic[39m [36m[POST] /users[39m 
[36m[19:14:18] [39m[33m[TrestleAPI][39m Added new route [33mPublic[39m [36m[GET] /vehicles[39m 
[36m[19:14:18] [39m[33m[TrestleAPI][39m Added new route [33mPublic[39m [36m[GET] /vehicles/:id[39m 
[36m[19:14:18] [39m[33m[TrestleAPI][39m Added new route [33mPublic[39m [36m[POST] /vehicles[39m 
[36m[19:14:19] [39m[33m[TrestleAPI][39m ::1 [GET] /vehicles?name=robin 
[36m[19:14:19] [39m[47m [33mD[39m[32mE[39m[34mB[39m[35mU[39m[31mG[39m [49m name Obey 9F robin 
[36m[19:14:19] [39m[47m [33mD[39m[32mE[39m[34mB[39m[35mU[39m[31mG[39m [49m name Robin robin 
[36m[19:14:19] [39m[47m [33mD[39m[32mE[39m[34mB[39m[35mU[39m[31mG[39m [49m name BMW E30 M3 robin 
[36m[19:14:19] [39m[47m [33mD[39m[32mE[39m[34mB[39m[35mU[39m[31mG[39m [49m name Tesla robin 
[36m[19:14:19] [39m[47m [33mD[39m[32mE[39m[34mB[39m[35mU[39m[31mG[39m [49m name Police robin 
[36m[19:14:19] [39m[47m [33mD[39m[32mE[39m[34mB[39m[35mU[39m[31mG[39m [49m name Golf robin 
[36m[19:14:19] [39m[47m [33mD[39m[32mE[39m[34mB[39m[35mU[39m[31mG[39m [49m name Tornado robin 
[36m[19:14:19] [39m[47m [33mD[39m[32mE[39m[34mB[39m[35mU[39m[31mG[39m [49m name Kenblock Fiesta robin 
[36m[19:14:19] [39m[47m [33mD[39m[32mE[39m[34mB[39m[35mU[39m[31mG[39m [49m name Lancia robin 
[36m[19:14:19] [39m[47m [33mD[39m[32mE[39m[34mB[39m[35mU[39m[31mG[39m [49m name Spit Fire robin 
[36m[19:14:19] [39m[47m [33mD[39m[32mE[39m[34mB[39m[35mU[39m[31mG[39m [49m name Dad's Lancia robin 
[36m[19:14:23] [39m[33m[TrestleAPI][39m ::1 [GET] /vehicles?name=1fa 
[36m[19:14:23] [39m[47m [33mD[39m[32mE[39m[34mB[39m[35mU[39m[31mG[39m [49m name Obey 9F 1fa 
[36m[19:14:23] [39m[47m [33mD[39m[32mE[39m[34mB[39m[35mU[39m[31mG[39m [49m name Robin 1fa 
[36m[19:14:23] [39m[47m [33mD[39m[32mE[39m[34mB[39m[35mU[39m[31mG[39m [49m name BMW E30 M3 1fa 
[36m[19:14:23] [39m[47m [33mD[39m[32mE[39m[34mB[39m[35mU[39m[31mG[39m [49m name Tesla 1fa 
[36m[19:14:23] [39m[47m [33mD[39m[32mE[39m[34mB[39m[35mU[39m[31mG[39m [49m name Police 1fa 
[36m[19:14:23] [39m[47m [33mD[39m[32mE[39m[34mB[39m[35mU[39m[31mG[39m [49m name Golf 1fa 
[36m[19:14:23] [39m[47m [33mD[39m[32mE[39m[34mB[39m[35mU[39m[31mG[39m [49m name Tornado 1fa 
[36m[19:14:23] [39m[47m [33mD[39m[32mE[39m[34mB[39m[35mU[39m[31mG[39m [49m name Kenblock Fiesta 1fa 
[36m[19:14:23] [39m[47m [33mD[39m[32mE[39m[34mB[39m[35mU[39m[31mG[39m [49m name Lancia 1fa 
[36m[19:14:23] [39m[47m [33mD[39m[32mE[39m[34mB[39m[35mU[39m[31mG[39m [49m name Spit Fire 1fa 
[36m[19:14:23] [39m[47m [33mD[39m[32mE[39m[34mB[39m[35mU[39m[31mG[39m [49m name Dad's Lancia 1fa 
[36m[19:14:25] [39m[33m[TrestleAPI][39m ::1 [GET] /vehicles?id=1fa 
[36m[19:14:25] [39m[47m [33mD[39m[32mE[39m[34mB[39m[35mU[39m[31mG[39m [49m id 0f304893-37fe-41e9-b54e-f463bf7d16a8 1fa 
[36m[19:14:25] [39m[47m [33mD[39m[32mE[39m[34mB[39m[35mU[39m[31mG[39m [49m id 1fa22732-7c4a-4309-99dc-fa67822e638e 1fa 
[36m[19:14:25] [39m[47m [33mD[39m[32mE[39m[34mB[39m[35mU[39m[31mG[39m [49m id 47702076-cafa-42af-a792-0a340cb0ca20 1fa 
[36m[19:14:25] [39m[47m [33mD[39m[32mE[39m[34mB[39m[35mU[39m[31mG[39m [49m id 59663bbd-00d3-413c-83b8-12e9bdc9e0e0 1fa 
[36m[19:14:25] [39m[47m [33mD[39m[32mE[39m[34mB[39m[35mU[39m[31mG[39m [49m id 6f1d7cd7-a7d9-4f99-b6c3-37a28d6b1c1b 1fa 
[36m[19:14:25] [39m[47m [33mD[39m[32mE[39m[34mB[39m[35mU[39m[31mG[39m [49m id 77783cdf-9df4-49af-9773-9bd1a6f4ad74 1fa 
[36m[19:14:25] [39m[47m [33mD[39m[32mE[39m[34mB[39m[35mU[39m[31mG[39m [49m id 930eb8df-837b-41ab-96b6-fe65b542ae85 1fa 
[36m[19:14:25] [39m[47m [33mD[39m[32mE[39m[34mB[39m[35mU[39m[31mG[39m [49m id 9850a03c-23c7-42c3-b59b-818dfc7966e6 1fa 
[36m[19:14:25] [39m[47m [33mD[39m[32mE[39m[34mB[39m[35mU[39m[31mG[39m [49m id a3c22907-d56d-40f0-8981-cb9752f03faf 1fa 
[36m[19:14:25] [39m[47m [33mD[39m[32mE[39m[34mB[39m[35mU[39m[31mG[39m [49m id cada9b93-9257-48b9-aa81-dd44d3347ee6 1fa 
[36m[19:14:25] [39m[47m [33mD[39m[32mE[39m[34mB[39m[35mU[39m[31mG[39m [49m id fea2eda0-1797-40ca-8b94-9217578f274f 1fa 
[36m[19:14:49] [39m[33m[TrestleAPI][39m ::ffff:172.29.112.1 [GET] /vehicles 
[36m[19:17:49] [39m[33m[Database][39m Model [36mCharacter[39m loaded 
[36m[19:17:49] [39m[33m[Database][39m Model [36mUser[39m loaded 
[36m[19:17:49] [39m[33m[Database][39m Model [36mVehicle[39m loaded 
[36m[19:17:50] [39m[35m[index.js][39m [32mDatabase successfully initialized[39m 
[36m[19:17:50] [39m[33m[Router] Loading routes from ./routes/Authentication/index.js[39m 
[36m[19:17:50] [39m[33m[Router] Loading routes from ./routes/DatabaseModels/index.js[39m 
[36m[19:17:50] [39m[47m [33mD[39m[32mE[39m[34mB[39m[35mU[39m[31mG[39m [49m 
{} 

[36m[19:17:50] [39m[43m[31m WARNING [39m[49m [33m[TrestleAPI][39m [31m[43mWARNING: Running in insecure mode, this is not recommended.[49m[39m 
[36m[19:17:50] [39m[33m[TrestleAPI][39m [36mPort: 8081[39m Creating Listening Server... 
[36m[19:17:50] [39m[33m[TrestleAPI][39m Added new route [33mPublic[39m [36m[POST] /authenticate[39m 
[36m[19:17:50] [39m[33m[TrestleAPI][39m Added new route [33mPublic[39m [36m[GET] /characters[39m 
[36m[19:17:50] [39m[33m[TrestleAPI][39m Added new route [33mPublic[39m [36m[GET] /characters/:id[39m 
[36m[19:17:50] [39m[33m[TrestleAPI][39m Added new route [33mPublic[39m [36m[POST] /characters[39m 
[36m[19:17:50] [39m[33m[TrestleAPI][39m Added new route [33mPublic[39m [36m[GET] /users[39m 
[36m[19:17:50] [39m[33m[TrestleAPI][39m Added new route [33mPublic[39m [36m[GET] /users/:id[39m 
[36m[19:17:50] [39m[33m[TrestleAPI][39m Added new route [33mPublic[39m [36m[POST] /users[39m 
[36m[19:17:50] [39m[33m[TrestleAPI][39m Added new route [33mPublic[39m [36m[GET] /vehicles[39m 
[36m[19:17:50] [39m[33m[TrestleAPI][39m Added new route [33mPublic[39m [36m[GET] /vehicles/:id[39m 
[36m[19:17:50] [39m[33m[TrestleAPI][39m Added new route [33mPublic[39m [36m[POST] /vehicles[39m 
[36m[19:17:55] [39m[33m[TrestleAPI][39m ::ffff:172.29.112.1 [GET] /vehicles?userId=null&name=undefined 
[36m[19:18:05] [39m[33m[TrestleAPI][39m ::ffff:172.29.112.1 [POST] /authenticate 
[36m[19:18:06] [39m[33m[TrestleAPI][39m ::ffff:172.29.112.1 [GET] /vehicles?userId=e1a247c6-c0aa-481e-b21c-479a488cb345&name=undefined 
[36m[19:19:23] [39m[33m[TrestleAPI][39m ::ffff:172.29.112.1 [POST] /authenticate 
[36m[19:19:25] [39m[33m[TrestleAPI][39m ::ffff:172.29.112.1 [GET] /vehicles?userId=e1a247c6-c0aa-481e-b21c-479a488cb345 
[36m[19:20:04] [39m[33m[TrestleAPI][39m ::ffff:172.29.112.1 [POST] /authenticate 
[36m[19:20:04] [39m[33m[TrestleAPI][39m ::ffff:172.29.112.1 [GET] /vehicles?userId=e1a247c6-c0aa-481e-b21c-479a488cb345 
[36m[19:20:27] [39m[33m[TrestleAPI][39m ::ffff:172.29.112.1 [POST] /authenticate 
[36m[19:20:28] [39m[33m[TrestleAPI][39m ::ffff:172.29.112.1 [GET] /vehicles?userId=e1a247c6-c0aa-481e-b21c-479a488cb345 
[36m[19:21:13] [39m[33m[TrestleAPI][39m ::ffff:172.29.112.1 [POST] /authenticate 
[36m[19:21:13] [39m[33m[TrestleAPI][39m ::ffff:172.29.112.1 [GET] /vehicles?userId=e1a247c6-c0aa-481e-b21c-479a488cb345 
[36m[19:21:39] [39m[33m[TrestleAPI][39m ::ffff:172.29.112.1 [POST] /authenticate 
[36m[19:21:40] [39m[33m[TrestleAPI][39m ::ffff:172.29.112.1 [GET] /vehicles?userId=e1a247c6-c0aa-481e-b21c-479a488cb345 
[36m[19:23:32] [39m[33m[TrestleAPI][39m ::ffff:172.29.112.1 [POST] /authenticate 
[36m[19:25:18] [39m[33m[TrestleAPI][39m ::ffff:172.29.112.1 [POST] /authenticate 
[36m[19:25:19] [39m[33m[TrestleAPI][39m ::ffff:172.29.112.1 [GET] /vehicles?userId=e1a247c6-c0aa-481e-b21c-479a488cb345 
[36m[19:28:47] [39m[33m[TrestleAPI][39m ::ffff:172.29.112.1 [POST] /authenticate 
[36m[19:28:49] [39m[33m[TrestleAPI][39m ::ffff:172.29.112.1 [GET] /vehicles?userId=e1a247c6-c0aa-481e-b21c-479a488cb345 
[36m[19:32:12] [39m[33m[TrestleAPI][39m ::ffff:172.29.112.1 [POST] /authenticate 
[36m[19:33:15] [39m[33m[TrestleAPI][39m ::ffff:172.29.112.1 [POST] /authenticate 
[36m[19:33:28] [39m[33m[TrestleAPI][39m ::ffff:172.29.112.1 [POST] /authenticate 
[36m[19:33:31] [39m[33m[TrestleAPI][39m ::ffff:172.29.112.1 [GET] /vehicles?userId=e1a247c6-c0aa-481e-b21c-479a488cb345 
[36m[19:33:37] [39m[33m[TrestleAPI][39m ::ffff:172.29.112.1 [GET] /vehicles?userId=e1a247c6-c0aa-481e-b21c-479a488cb345&name=bmw 
[36m[19:35:04] [39m[33m[TrestleAPI][39m ::ffff:172.29.112.1 [POST] /authenticate 
[36m[19:35:43] [39m[33m[TrestleAPI][39m ::ffff:172.29.112.1 [POST] /authenticate 
[36m[19:37:05] [39m[33m[TrestleAPI][39m ::ffff:172.29.112.1 [GET] /vehicles?userId=null 
[36m[19:37:10] [39m[33m[TrestleAPI][39m ::ffff:172.29.112.1 [POST] /authenticate 
[36m[19:37:10] [39m[33m[TrestleAPI][39m ::ffff:172.29.112.1 [GET] /vehicles?userId=e1a247c6-c0aa-481e-b21c-479a488cb345 
[36m[19:37:13] [39m[33m[TrestleAPI][39m ::ffff:172.29.112.1 [GET] /vehicles?userId=e1a247c6-c0aa-481e-b21c-479a488cb345&name=bmw 
[36m[19:37:41] [39m[33m[TrestleAPI][39m ::ffff:172.29.112.1 [GET] /vehicles?userId=e1a247c6-c0aa-481e-b21c-479a488cb345&name=bmw 
[36m[19:37:50] [39m[33m[TrestleAPI][39m ::ffff:172.29.112.1 [GET] /vehicles?userId=e1a247c6-c0aa-481e-b21c-479a488cb345&name=bmw 
[36m[19:38:02] [39m[33m[TrestleAPI][39m ::ffff:172.29.112.1 [GET] /vehicles?userId=null 
[36m[19:38:13] [39m[33m[TrestleAPI][39m ::ffff:172.29.112.1 [POST] /authenticate 
[36m[19:38:15] [39m[33m[TrestleAPI][39m ::ffff:172.29.112.1 [GET] /vehicles?userId=bfae5a6a-eea1-4cd9-9b76-d2654d5a08cb 
[36m[19:38:48] [39m[33m[TrestleAPI][39m ::ffff:172.29.112.1 [GET] /vehicles?userId=bfae5a6a-eea1-4cd9-9b76-d2654d5a08cb&name=Obey%209F 
[36m[19:39:26] [39m[33m[TrestleAPI][39m ::ffff:172.29.112.1 [GET] /vehicles?userId=bfae5a6a-eea1-4cd9-9b76-d2654d5a08cb&name=Robin 
[36m[19:44:33] [39m[33m[TrestleAPI][39m ::ffff:172.29.112.1 [GET] /vehicles?userId=e1a247c6-c0aa-481e-b21c-479a488cb345&name=dad 
[36m[19:45:03] [39m[33m[TrestleAPI][39m ::ffff:172.29.112.1 [GET] /vehicles?userId=bfae5a6a-eea1-4cd9-9b76-d2654d5a08cb&name=Karby 
[36m[19:45:10] [39m[33m[TrestleAPI][39m ::ffff:172.29.112.1 [GET] /vehicles?userId=bfae5a6a-eea1-4cd9-9b76-d2654d5a08cb&name=Manta 
[36m[19:45:19] [39m[33m[TrestleAPI][39m ::ffff:172.29.112.1 [GET] /vehicles?userId=bfae5a6a-eea1-4cd9-9b76-d2654d5a08cb&name=Lancia 
[36m[19:52:09] [39m[33m[TrestleAPI][39m ::ffff:172.29.112.1 [GET] /vehicles?userId=bfae5a6a-eea1-4cd9-9b76-d2654d5a08cb&name=Robin 
[36m[19:53:05] [39m[33m[TrestleAPI][39m ::ffff:172.29.112.1 [GET] /vehicles?userId=e1a247c6-c0aa-481e-b21c-479a488cb345&name=dad 
[36m[20:00:09] [39m[33m[TrestleAPI][39m ::ffff:172.29.112.1 [POST] /authenticate 
[36m[20:00:34] [39m[33m[TrestleAPI][39m ::ffff:172.29.112.1 [POST] /vehicles 
[36m[20:00:52] [39m[33m[TrestleAPI][39m ::ffff:172.29.112.1 [POST] /vehicles 
[36m[20:01:14] [39m[33m[TrestleAPI][39m ::ffff:172.29.112.1 [POST] /vehicles 
[36m[20:01:41] [39m[33m[TrestleAPI][39m ::ffff:172.29.112.1 [GET] /vehicles?userId=963c3013-4e45-4f79-9b4b-6d188437410f&name=tampa 
[36m[20:02:39] [39m[33m[TrestleAPI][39m ::ffff:172.29.112.1 [POST] /vehicles 
[36m[20:02:56] [39m[33m[TrestleAPI][39m ::ffff:172.29.112.1 [POST] /vehicles 
[36m[20:03:12] [39m[33m[TrestleAPI][39m ::ffff:172.29.112.1 [POST] /vehicles 
[36m[20:03:42] [39m[33m[TrestleAPI][39m ::ffff:172.29.112.1 [POST] /vehicles 
[36m[20:04:07] [39m[33m[TrestleAPI][39m ::ffff:172.29.112.1 [POST] /vehicles 
[36m[20:04:29] [39m[33m[TrestleAPI][39m ::ffff:172.29.112.1 [POST] /vehicles 
[36m[20:04:35] [39m[33m[TrestleAPI][39m ::1 [GET] /vehicles 
[36m[20:04:39] [39m[33m[TrestleAPI][39m ::1 [GET] /vehicles?name=aa 
[36m[20:04:41] [39m[33m[TrestleAPI][39m ::ffff:172.29.112.1 [POST] /vehicles 
[36m[20:05:01] [39m[33m[TrestleAPI][39m ::ffff:172.29.112.1 [POST] /vehicles 
[36m[20:05:40] [39m[33m[TrestleAPI][39m ::ffff:172.29.112.1 [POST] /vehicles 
[36m[20:05:56] [39m[33m[TrestleAPI][39m ::ffff:172.29.112.1 [POST] /vehicles 
[36m[20:06:48] [39m[33m[TrestleAPI][39m ::ffff:172.29.112.1 [GET] /vehicles?userId=e1a247c6-c0aa-481e-b21c-479a488cb345 
[36m[20:07:12] [39m[33m[TrestleAPI][39m ::ffff:172.29.112.1 [GET] /vehicles?userId=963c3013-4e45-4f79-9b4b-6d188437410f 
[36m[20:12:08] [39m[33m[TrestleAPI][39m ::ffff:172.29.112.1 [GET] /vehicles?userId=bfae5a6a-eea1-4cd9-9b76-d2654d5a08cb&name=Robin 
[36m[20:13:05] [39m[33m[TrestleAPI][39m ::ffff:172.29.112.1 [GET] /vehicles?userId=bfae5a6a-eea1-4cd9-9b76-d2654d5a08cb&name=Lancia 
[36m[20:15:43] [39m[33m[TrestleAPI][39m ::ffff:172.29.112.1 [GET] /vehicles?userId=bfae5a6a-eea1-4cd9-9b76-d2654d5a08cb&name=Lancia 
[36m[20:18:55] [39m[33m[TrestleAPI][39m ::ffff:172.29.112.1 [POST] /authenticate 
[36m[20:19:04] [39m[33m[TrestleAPI][39m ::ffff:172.29.112.1 [POST] /authenticate 
[36m[20:22:49] [39m[33m[TrestleAPI][39m ::ffff:172.29.112.1 [POST] /authenticate 
[36m[20:25:16] [39m[33m[TrestleAPI][39m ::ffff:172.29.112.1 [POST] /authenticate 
[36m[20:26:40] [39m[33m[TrestleAPI][39m ::ffff:172.29.112.1 [POST] /authenticate 
[36m[20:28:26] [39m[33m[TrestleAPI][39m ::ffff:172.29.112.1 [POST] /authenticate 
[36m[20:30:43] [39m[33m[TrestleAPI][39m ::ffff:172.29.112.1 [GET] /vehicles?userId=e1a247c6-c0aa-481e-b21c-479a488cb345&name=dad 
[36m[20:31:37] [39m[33m[TrestleAPI][39m ::ffff:172.29.112.1 [POST] /authenticate 
[36m[20:33:14] [39m[33m[TrestleAPI][39m ::ffff:172.29.112.1 [GET] /vehicles?userId=bfae5a6a-eea1-4cd9-9b76-d2654d5a08cb&name=obey 
[36m[20:34:04] [39m[33m[TrestleAPI][39m ::ffff:172.29.112.1 [GET] /vehicles?userId=bfae5a6a-eea1-4cd9-9b76-d2654d5a08cb&name=obey 
[36m[20:38:00] [39m[33m[TrestleAPI][39m ::ffff:172.29.112.1 [GET] /vehicles?userId=bfae5a6a-eea1-4cd9-9b76-d2654d5a08cb&name=lancia 
[36m[20:38:09] [39m[33m[TrestleAPI][39m ::ffff:172.29.112.1 [GET] /vehicles?userId=bfae5a6a-eea1-4cd9-9b76-d2654d5a08cb&name=obey 
[36m[20:42:38] [39m[33m[TrestleAPI][39m ::ffff:172.29.112.1 [GET] /vehicles?userId=bfae5a6a-eea1-4cd9-9b76-d2654d5a08cb&name=obey 
[36m[21:09:27] [39m[33m[TrestleAPI][39m ::ffff:172.29.112.1 [POST] /authenticate 
[36m[21:54:03] [39m[33m[TrestleAPI][39m ::ffff:172.29.112.1 [GET] /vehicles?userId=[object%20Promise] 
[36m[21:54:19] [39m[33m[TrestleAPI][39m ::ffff:172.29.112.1 [GET] /vehicles?userId=[object%20Promise] 
[36m[21:55:24] [39m[33m[TrestleAPI][39m ::ffff:172.29.112.1 [GET] /vehicles?userId=[object%20Promise] 
[36m[21:55:24] [39m[33m[TrestleAPI][39m ::ffff:172.29.112.1 [POST] /authenticate 
[36m[21:55:52] [39m[33m[TrestleAPI][39m ::ffff:172.29.112.1 [GET] /vehicles?userId=e1a247c6-c0aa-481e-b21c-479a488cb345 
[36m[21:56:04] [39m[33m[TrestleAPI][39m ::ffff:172.29.112.1 [POST] /authenticate 
[36m[21:56:09] [39m[33m[TrestleAPI][39m ::ffff:172.29.112.1 [GET] /vehicles?userId=e1a247c6-c0aa-481e-b21c-479a488cb345 
[36m[21:56:29] [39m[33m[TrestleAPI][39m ::1 [GET] /vehicles?userId=e1a247c6-c0aa-481e-b21c-479a488cb345 
[36m[21:57:47] [39m[33m[TrestleAPI][39m ::ffff:172.29.112.1 [GET] /vehicles?userId=e1a247c6-c0aa-481e-b21c-479a488cb345 
[36m[21:58:16] [39m[33m[TrestleAPI][39m ::ffff:172.29.112.1 [GET] /vehicles?userId=e1a247c6-c0aa-481e-b21c-479a488cb345 
[36m[21:58:42] [39m[33m[TrestleAPI][39m ::ffff:172.29.112.1 [GET] /vehicles?userId=e1a247c6-c0aa-481e-b21c-479a488cb345 
[36m[21:59:56] [39m[33m[TrestleAPI][39m ::ffff:172.29.112.1 [POST] /authenticate 
[36m[22:01:58] [39m[33m[TrestleAPI][39m ::ffff:172.29.112.1 [POST] /authenticate 
[36m[22:01:58] [39m[33m[TrestleAPI][39m ::ffff:172.29.112.1 [GET] /vehicles?userId=null 
[36m[22:02:15] [39m[33m[TrestleAPI][39m ::ffff:172.29.112.1 [GET] /vehicles?userId=e1a247c6-c0aa-481e-b21c-479a488cb345 
[36m[22:03:34] [39m[33m[TrestleAPI][39m ::ffff:172.29.112.1 [POST] /authenticate 
[36m[22:03:34] [39m[33m[TrestleAPI][39m ::ffff:172.29.112.1 [GET] /vehicles?userId=e1a247c6-c0aa-481e-b21c-479a488cb345 
[36m[22:04:27] [39m[33m[TrestleAPI][39m ::ffff:172.29.112.1 [POST] /authenticate 
[36m[22:04:27] [39m[33m[TrestleAPI][39m ::ffff:172.29.112.1 [GET] /vehicles?userId=e1a247c6-c0aa-481e-b21c-479a488cb345 
[36m[22:22:52] [39m[33m[TrestleAPI][39m ::ffff:172.29.112.1 [GET] /vehicles?userId=e1a247c6-c0aa-481e-b21c-479a488cb345&name=lancia 
[36m[22:22:56] [39m[33m[TrestleAPI][39m ::ffff:172.29.112.1 [GET] /vehicles?userId=e1a247c6-c0aa-481e-b21c-479a488cb345&name=dad 
[36m[22:27:57] [39m[33m[TrestleAPI][39m ::ffff:172.29.112.1 [GET] /vehicles?userId=e1a247c6-c0aa-481e-b21c-479a488cb345 
[36m[22:28:47] [39m[33m[TrestleAPI][39m ::ffff:172.29.112.1 [GET] /vehicles?userId=e1a247c6-c0aa-481e-b21c-479a488cb345 
[36m[22:28:56] [39m[33m[TrestleAPI][39m ::ffff:172.29.112.1 [POST] /authenticate 
[36m[22:29:00] [39m[33m[TrestleAPI][39m ::ffff:172.29.112.1 [GET] /vehicles?userId=e1a247c6-c0aa-481e-b21c-479a488cb345 
[36m[22:29:39] [39m[33m[TrestleAPI][39m ::ffff:172.29.112.1 [GET] /vehicles?userId=e1a247c6-c0aa-481e-b21c-479a488cb345&name=dad 
[36m[22:30:28] [39m[33m[TrestleAPI][39m ::ffff:172.29.112.1 [GET] /vehicles?userId=e1a247c6-c0aa-481e-b21c-479a488cb345 
[36m[22:30:51] [39m[33m[TrestleAPI][39m ::1 [GET] /vehicles?userId=e1a247c6-c0aa-481e-b21c-479a488cb345 
[36m[22:32:37] [39m[33m[TrestleAPI][39m ::ffff:172.29.112.1 [GET] /vehicles?userId=e1a247c6-c0aa-481e-b21c-479a488cb345 
[36m[22:33:52] [39m[33m[TrestleAPI][39m ::ffff:172.29.112.1 [POST] /authenticate 
[36m[22:33:52] [39m[33m[TrestleAPI][39m ::ffff:172.29.112.1 [GET] /vehicles?userId=e1a247c6-c0aa-481e-b21c-479a488cb345 
[36m[22:34:42] [39m[33m[TrestleAPI][39m ::ffff:172.29.112.1 [GET] /vehicles?userId=e1a247c6-c0aa-481e-b21c-479a488cb345 
[36m[22:36:13] [39m[33m[TrestleAPI][39m ::ffff:172.29.112.1 [POST] /authenticate 
[36m[22:36:13] [39m[33m[TrestleAPI][39m ::ffff:172.29.112.1 [GET] /vehicles?userId=e1a247c6-c0aa-481e-b21c-479a488cb345 
[36m[22:37:08] [39m[33m[TrestleAPI][39m ::ffff:172.29.112.1 [GET] /vehicles?userId=e1a247c6-c0aa-481e-b21c-479a488cb345 
[36m[22:37:34] [39m[33m[TrestleAPI][39m ::ffff:172.29.112.1 [GET] /vehicles?userId=e1a247c6-c0aa-481e-b21c-479a488cb345 
[36m[22:39:40] [39m[33m[TrestleAPI][39m ::ffff:172.29.112.1 [POST] /authenticate 
[36m[22:39:40] [39m[33m[TrestleAPI][39m ::ffff:172.29.112.1 [GET] /vehicles?userId=e1a247c6-c0aa-481e-b21c-479a488cb345 
[36m[22:40:46] [39m[33m[TrestleAPI][39m ::ffff:172.29.112.1 [GET] /vehicles?userId=e1a247c6-c0aa-481e-b21c-479a488cb345 
[36m[22:41:27] [39m[33m[TrestleAPI][39m ::ffff:172.29.112.1 [POST] /authenticate 
[36m[22:41:27] [39m[33m[TrestleAPI][39m ::ffff:172.29.112.1 [GET] /vehicles?userId=e1a247c6-c0aa-481e-b21c-479a488cb345 
[36m[22:50:44] [39m[33m[TrestleAPI][39m ::ffff:172.29.112.1 [POST] /authenticate 
[36m[22:50:44] [39m[33m[TrestleAPI][39m ::ffff:172.29.112.1 [GET] /vehicles?userId=e1a247c6-c0aa-481e-b21c-479a488cb345 
[36m[22:55:47] [39m[33m[TrestleAPI][39m ::ffff:172.29.112.1 [POST] /authenticate 
[36m[22:58:17] [39m[33m[TrestleAPI][39m ::ffff:172.29.112.1 [POST] /authenticate 
[36m[22:58:17] [39m[33m[TrestleAPI][39m ::ffff:172.29.112.1 [GET] /vehicles?userId=e1a247c6-c0aa-481e-b21c-479a488cb345 
[36m[23:00:00] [39m[33m[TrestleAPI][39m ::ffff:172.29.112.1 [POST] /authenticate 
[36m[23:00:00] [39m[33m[TrestleAPI][39m ::ffff:172.29.112.1 [GET] /vehicles?userId=e1a247c6-c0aa-481e-b21c-479a488cb345 
[36m[23:01:25] [39m[33m[TrestleAPI][39m ::ffff:172.29.112.1 [POST] /authenticate 
[36m[23:01:25] [39m[33m[TrestleAPI][39m ::ffff:172.29.112.1 [GET] /vehicles?userId=e1a247c6-c0aa-481e-b21c-479a488cb345 
[36m[23:02:14] [39m[33m[TrestleAPI][39m ::ffff:172.29.112.1 [POST] /authenticate 
[36m[23:02:14] [39m[33m[TrestleAPI][39m ::ffff:172.29.112.1 [GET] /vehicles?userId=e1a247c6-c0aa-481e-b21c-479a488cb345 
[36m[23:03:08] [39m[33m[TrestleAPI][39m ::ffff:172.29.112.1 [POST] /authenticate 
[36m[23:03:08] [39m[33m[TrestleAPI][39m ::ffff:172.29.112.1 [GET] /vehicles?userId=e1a247c6-c0aa-481e-b21c-479a488cb345 
[36m[23:05:01] [39m[33m[TrestleAPI][39m ::ffff:172.29.112.1 [POST] /authenticate 
[36m[23:05:01] [39m[33m[TrestleAPI][39m ::ffff:172.29.112.1 [GET] /vehicles?userId=e1a247c6-c0aa-481e-b21c-479a488cb345 
[36m[23:14:30] [39m[33m[TrestleAPI][39m ::ffff:172.29.112.1 [POST] /authenticate 
[36m[23:14:31] [39m[33m[TrestleAPI][39m ::ffff:172.29.112.1 [GET] /vehicles?userId=e1a247c6-c0aa-481e-b21c-479a488cb345 
[36m[23:17:44] [39m[33m[TrestleAPI][39m ::ffff:172.29.112.1 [GET] /vehicles?userId=e1a247c6-c0aa-481e-b21c-479a488cb345 
[36m[23:19:31] [39m[33m[TrestleAPI][39m ::ffff:172.29.112.1 [POST] /authenticate 
[36m[23:19:59] [39m[33m[TrestleAPI][39m ::ffff:172.29.112.1 [GET] /vehicles?userId=e1a247c6-c0aa-481e-b21c-479a488cb345 
[36m[23:21:25] [39m[33m[TrestleAPI][39m ::ffff:172.29.112.1 [POST] /authenticate 
[36m[23:21:25] [39m[33m[TrestleAPI][39m ::ffff:172.29.112.1 [GET] /vehicles?userId=e1a247c6-c0aa-481e-b21c-479a488cb345 
[36m[23:23:07] [39m[33m[TrestleAPI][39m ::ffff:172.29.112.1 [GET] /vehicles?userId=e1a247c6-c0aa-481e-b21c-479a488cb345 
[36m[23:25:30] [39m[33m[TrestleAPI][39m ::ffff:172.29.112.1 [POST] /authenticate 
[36m[23:25:30] [39m[33m[TrestleAPI][39m ::ffff:172.29.112.1 [GET] /vehicles?userId=e1a247c6-c0aa-481e-b21c-479a488cb345 
[36m[23:26:26] [39m[33m[TrestleAPI][39m ::ffff:172.29.112.1 [GET] /vehicles?userId=e1a247c6-c0aa-481e-b21c-479a488cb345 
[36m[23:26:46] [39m[33m[TrestleAPI][39m ::ffff:172.29.112.1 [GET] /vehicles?userId=e1a247c6-c0aa-481e-b21c-479a488cb345 
[36m[23:28:29] [39m[33m[TrestleAPI][39m ::ffff:172.29.112.1 [GET] /vehicles?userId=e1a247c6-c0aa-481e-b21c-479a488cb345 
[36m[23:28:50] [39m[33m[TrestleAPI][39m ::ffff:172.29.112.1 [POST] /authenticate 
[36m[23:28:50] [39m[33m[TrestleAPI][39m ::ffff:172.29.112.1 [GET] /vehicles?userId=e1a247c6-c0aa-481e-b21c-479a488cb345 
[36m[23:29:25] [39m[33m[TrestleAPI][39m ::ffff:172.29.112.1 [GET] /vehicles?userId=e1a247c6-c0aa-481e-b21c-479a488cb345 
[36m[23:29:38] [39m[33m[TrestleAPI][39m ::ffff:172.29.112.1 [GET] /vehicles?userId=e1a247c6-c0aa-481e-b21c-479a488cb345 
[36m[23:30:36] [39m[33m[TrestleAPI][39m ::ffff:172.29.112.1 [GET] /vehicles?userId=e1a247c6-c0aa-481e-b21c-479a488cb345 
[36m[23:30:53] [39m[33m[TrestleAPI][39m ::ffff:172.29.112.1 [GET] /vehicles?userId=e1a247c6-c0aa-481e-b21c-479a488cb345 
[36m[23:31:04] [39m[33m[TrestleAPI][39m ::ffff:172.29.112.1 [POST] /authenticate 
[36m[23:31:43] [39m[33m[TrestleAPI][39m ::ffff:172.29.112.1 [POST] /authenticate 
[36m[23:31:43] [39m[33m[TrestleAPI][39m ::ffff:172.29.112.1 [GET] /vehicles?userId=e1a247c6-c0aa-481e-b21c-479a488cb345 
[36m[23:39:02] [39m[33m[TrestleAPI][39m ::ffff:172.29.112.1 [POST] /authenticate 
[36m[23:39:02] [39m[33m[TrestleAPI][39m ::ffff:172.29.112.1 [GET] /vehicles?userId=e1a247c6-c0aa-481e-b21c-479a488cb345 
[36m[23:40:09] [39m[33m[TrestleAPI][39m ::ffff:172.29.112.1 [GET] /vehicles?userId=e1a247c6-c0aa-481e-b21c-479a488cb345 
[36m[23:40:40] [39m[33m[TrestleAPI][39m ::ffff:172.29.112.1 [GET] /vehicles?userId=e1a247c6-c0aa-481e-b21c-479a488cb345 
[36m[23:42:43] [39m[33m[TrestleAPI][39m ::ffff:172.29.112.1 [GET] /vehicles?userId=e1a247c6-c0aa-481e-b21c-479a488cb345 
[36m[23:43:18] [39m[33m[TrestleAPI][39m ::ffff:172.29.112.1 [GET] /vehicles?userId=e1a247c6-c0aa-481e-b21c-479a488cb345 
[36m[23:44:08] [39m[33m[TrestleAPI][39m ::ffff:172.29.112.1 [GET] /vehicles?userId=e1a247c6-c0aa-481e-b21c-479a488cb345 
[36m[23:44:23] [39m[33m[TrestleAPI][39m ::ffff:172.29.112.1 [GET] /vehicles?userId=e1a247c6-c0aa-481e-b21c-479a488cb345 
